#
# A fatal error has been detected by the Java Runtime Environment:
#
#  SIGSEGV (0xb) at pc=0x00007f7e6e302462, pid=7368, tid=140180991227648
#
# JRE version: OpenJDK Runtime Environment (7.0_101) (build 1.7.0_101-b00)
# Java VM: OpenJDK 64-Bit Server VM (24.95-b01 mixed mode linux-amd64 compressed oops)
# Derivative: IcedTea 2.6.6
# Distribution: Ubuntu 14.04 LTS, package 7u101-2.6.6-0ubuntu0.14.04.1
# Problematic frame:
# C  [librxtxSerial.so+0x6462]  read_byte_array+0x52
#
# Failed to write core dump. Core dumps have been disabled. To enable core dumping, try "ulimit -c unlimited" before starting Java again
#
# If you would like to submit a bug report, please include
# instructions on how to reproduce the bug and visit:
#   http://icedtea.classpath.org/bugzilla
# The crash happened outside the Java Virtual Machine in native code.
# See problematic frame for where to report the bug.
#

---------------  T H R E A D  ---------------

Current thread (0x00007f7e84133800):  JavaThread "Thread-0" [_thread_in_native, id=7387, stack(0x00007f7e6e1fb000,0x00007f7e6e2fc000)]

siginfo:si_signo=SIGSEGV: si_errno=0, si_code=1 (SEGV_MAPERR), si_addr=0x000000006e2fa7b8

Registers:
RAX=0x000000006e2fa7b0, RBX=0xffffffffffffffff, RCX=0x0000000000000001, RDX=0x00007f7e8ae00f60
RSP=0x00007f7e6e2f9b90, RBP=0x00007f7e841339d8, RSI=0x00007f7e6e305e30, RDI=0x00007f7e6e305d3e
R8 =0x000000077bce82d0, R9 =0x00000007d76639c8, R10=0x0000000000000000, R11=0x00007f7e8ae059a4
R12=0x00000000ffffffff, R13=0x0000000000000000, R14=0x000000000000000c, R15=0x0000000000000000
RIP=0x00007f7e6e302462, EFLAGS=0x0000000000010206, CSGSFS=0x0000000000000033, ERR=0x0000000000000004
  TRAPNO=0x000000000000000e

Top of Stack: (sp=0x00007f7e6e2f9b90)
0x00007f7e6e2f9b90:   00007f7e6e2fced0 00007f7e84112120
0x00007f7e6e2f9ba0:   0000000000000000 000000077bcf2e28
0x00007f7e6e2f9bb0:   00007f7e7c553ee0 000000006e2fa7b0
0x00007f7e6e2f9bc0:   00007f7e6e2f9c00 0000000000000000
0x00007f7e6e2f9bd0:   0000000000000000 0000000400000000
0x00007f7e6e2f9be0:   00007f7e40001140 0000000c00002000
0x00007f7e6e2f9bf0:   0000000000000000 00007f7e6e408830
0x00007f7e6e2f9c00:   0000000000000000 0000000000000004
0x00007f7e6e2f9c10:   000000000000000c 0000000000000000
0x00007f7e6e2f9c20:   00007f7e841339d8 00007f7e8ba3e527
0x00007f7e6e2f9c30:   0000000000000005 0000000000000000
0x00007f7e6e2f9c40:   00007f7e84133800 00007f7e6e2fced0
0x00007f7e6e2f9c50:   ffffffffffffffff 00007f7e841339d8
0x00007f7e6e2f9c60:   00007f7e40001140 00007f7e8ba454d5
0x00007f7e6e2f9c70:   00007f7e40001140 00007f7e40001140
0x00007f7e6e2f9c80:   000000000000000c ffffffffffffffff
0x00007f7e6e2f9c90:   00007f7e841339d8 00007f7e40001140
0x00007f7e6e2f9ca0:   0000000000000004 000000000000000c
0x00007f7e6e2f9cb0:   0000000000000000 00007f7e6e3028a1
0x00007f7e6e2f9cc0:   00007f7e84133800 00007f7e6e2f9da8
0x00007f7e6e2f9cd0:   00007f7e6e2f9db0 000000077bceb328
0x00007f7e6e2f9ce0:   00007f7e6e2f9d78 0000000000000000
0x00007f7e6e2f9cf0:   000000077bceb320 00007f7e6e2f9db0
0x00007f7e6e2f9d00:   00007f7e84133800 00007f7e81014e98
0x00007f7e6e2f9d10:   00007f7e540093a8 00007f7e540093b8
0x00007f7e6e2f9d20:   00007f7e540093c0 00007f7e540093c0
0x00007f7e6e2f9d30:   00007f7efffffffe 00007f7e6e2f9d38
0x00007f7e6e2f9d40:   000000077bceb320 00007f7e6e2f9db0
0x00007f7e6e2f9d50:   000000077bd06d78 0000000000000000
0x00007f7e6e2f9d60:   000000077bceb328 0000000000000000
0x00007f7e6e2f9d70:   00007f7e6e2f9d98 00007f7e6e2f9e08
0x00007f7e6e2f9d80:   00007f7e810062ec 0000000000000000 

Instructions: (pc=0x00007f7e6e302462)
0x00007f7e6e302442:   89 44 24 4c 48 c7 44 24 40 00 00 00 00 48 c7 44
0x00007f7e6e302452:   24 38 00 00 00 00 e8 53 d7 ff ff 48 89 44 24 28
0x00007f7e6e302462:   8b 40 08 45 85 e4 48 8b 54 24 28 44 8b 7c 24 4c
0x00007f7e6e302472:   89 44 24 34 c7 42 08 00 00 00 00 78 0c 31 c0 e8 

Register to memory mapping:

RAX=0x000000006e2fa7b0 is an unknown value
RBX=0xffffffffffffffff is an unknown value
RCX=0x0000000000000001 is an unknown value
RDX=0x00007f7e8ae00f60: <offset 0xdf0f60> in /usr/lib/jvm/java-7-openjdk-amd64/jre/lib/amd64/server/libjvm.so at 0x00007f7e8a010000
RSP=0x00007f7e6e2f9b90 is pointing into the stack for thread: 0x00007f7e84133800
RBP=0x00007f7e841339d8 is an unknown value
RSI=0x00007f7e6e305e30: <offset 0x9e30> in /usr/lib/jvm/java-7-openjdk-amd64/jre/lib/amd64/librxtxSerial.so at 0x00007f7e6e2fc000
RDI=0x00007f7e6e305d3e: <offset 0x9d3e> in /usr/lib/jvm/java-7-openjdk-amd64/jre/lib/amd64/librxtxSerial.so at 0x00007f7e6e2fc000
R8 =0x000000077bce82d0 is an oop
[S 
 - klass: {type array short}
 - length: 174
R9 =0x00000007d76639c8 is an oop
gnu.io.RXTXPort 
 - klass: 'gnu/io/RXTXPort'
R10=0x0000000000000000 is an unknown value
R11=0x00007f7e8ae059a4: <offset 0xdf59a4> in /usr/lib/jvm/java-7-openjdk-amd64/jre/lib/amd64/server/libjvm.so at 0x00007f7e8a010000
R12=0x00000000ffffffff is an unknown value
R13=0x0000000000000000 is an unknown value
R14=0x000000000000000c is an unknown value
R15=0x0000000000000000 is an unknown value


Stack: [0x00007f7e6e1fb000,0x00007f7e6e2fc000],  sp=0x00007f7e6e2f9b90,  free space=1018k
Native frames: (J=compiled Java code, j=interpreted, Vv=VM code, C=native code)
C  [librxtxSerial.so+0x6462]  read_byte_array+0x52

Java frames: (J=compiled Java code, j=interpreted, Vv=VM code)
j  gnu.io.RXTXPort.readArray([BII)I+0
j  gnu.io.RXTXPort$SerialInputStream.read([BII)I+187
j  sun.nio.cs.StreamDecoder.readBytes()I+135
j  sun.nio.cs.StreamDecoder.implRead([CII)I+112
j  sun.nio.cs.StreamDecoder.read([CII)I+180
j  java.io.InputStreamReader.read([CII)I+7
j  java.io.BufferedReader.fill()V+145
j  java.io.BufferedReader.readLine(Z)Ljava/lang/String;+44
j  java.io.BufferedReader.readLine()Ljava/lang/String;+2
j  SerialTest.serialEvent(Lgnu/io/SerialPortEvent;)V+12
j  gnu.io.RXTXPort.sendEvent(IZ)Z+382
v  ~StubRoutines::call_stub
j  gnu.io.RXTXPort.eventLoop()V+0
j  gnu.io.RXTXPort$MonitorThread.run()V+12
v  ~StubRoutines::call_stub

---------------  P R O C E S S  ---------------

Java Threads: ( => current thread )
  0x00007f7e8400a000 JavaThread "DestroyJavaVM" [_thread_blocked, id=7374, stack(0x00007f7e8bb28000,0x00007f7e8bc29000)]
  0x00007f7e8412d800 JavaThread "Thread-1" [_thread_blocked, id=7388, stack(0x00007f7e6e0fa000,0x00007f7e6e1fb000)]
=>0x00007f7e84133800 JavaThread "Thread-0" [_thread_in_native, id=7387, stack(0x00007f7e6e1fb000,0x00007f7e6e2fc000)]
  0x00007f7e840ae800 JavaThread "Service Thread" daemon [_thread_blocked, id=7385, stack(0x00007f7e6e50a000,0x00007f7e6e60b000)]
  0x00007f7e840ac000 JavaThread "C2 CompilerThread1" daemon [_thread_blocked, id=7384, stack(0x00007f7e6e60b000,0x00007f7e6e70c000)]
  0x00007f7e840a9000 JavaThread "C2 CompilerThread0" daemon [_thread_blocked, id=7383, stack(0x00007f7e6e70c000,0x00007f7e6e80d000)]
  0x00007f7e840a7000 JavaThread "Signal Dispatcher" daemon [_thread_blocked, id=7382, stack(0x00007f7e6e80d000,0x00007f7e6e90e000)]
  0x00007f7e8407c000 JavaThread "Finalizer" daemon [_thread_blocked, id=7381, stack(0x00007f7e6eff0000,0x00007f7e6f0f1000)]
  0x00007f7e8407a000 JavaThread "Reference Handler" daemon [_thread_blocked, id=7380, stack(0x00007f7e6f0f1000,0x00007f7e6f1f2000)]

Other Threads:
  0x00007f7e84075800 VMThread [stack: 0x00007f7e6f1f2000,0x00007f7e6f2f3000] [id=7379]
  0x00007f7e840b9800 WatcherThread [stack: 0x00007f7e6e409000,0x00007f7e6e50a000] [id=7386]

VM state:not at safepoint (normal execution)

VM Mutex/Monitor currently owned by a thread: None

Heap
 PSYoungGen      total 36864K, used 3174K [0x00000007d7500000, 0x00000007d9e00000, 0x0000000800000000)
  eden space 31744K, 10% used [0x00000007d7500000,0x00000007d7819b18,0x00000007d9400000)
  from space 5120K, 0% used [0x00000007d9900000,0x00000007d9900000,0x00000007d9e00000)
  to   space 5120K, 0% used [0x00000007d9400000,0x00000007d9400000,0x00000007d9900000)
 ParOldGen       total 82944K, used 0K [0x0000000786000000, 0x000000078b100000, 0x00000007d7500000)
  object space 82944K, 0% used [0x0000000786000000,0x0000000786000000,0x000000078b100000)
 PSPermGen       total 21504K, used 3173K [0x000000077ba00000, 0x000000077cf00000, 0x0000000786000000)
  object space 21504K, 14% used [0x000000077ba00000,0x000000077bd19560,0x000000077cf00000)

Card table byte_map: [0x00007f7e88340000,0x00007f7e88764000] byte_map_base: 0x00007f7e84763000

Polling page: 0x00007f7e8bc4e000

Code Cache  [0x00007f7e81000000, 0x00007f7e81270000, 0x00007f7e84000000)
 total_blobs=185 nmethods=2 adapters=137 free_code_cache=48766Kb largest_free_block=49914240

Compilation events (4 events):
Event: 0.116 Thread 0x00007f7e840a9000    1             java.lang.String::indexOf (70 bytes)
Event: 0.118 Thread 0x00007f7e840ac000    2             sun.nio.cs.UTF_8$Encoder::encode (361 bytes)
Event: 0.127 Thread 0x00007f7e840a9000 nmethod 1 0x00007f7e81065a50 code [0x00007f7e81065ba0, 0x00007f7e81065d58]
Event: 0.127 Thread 0x00007f7e840ac000 nmethod 2 0x00007f7e81062090 code [0x00007f7e810621e0, 0x00007f7e81062418]

GC Heap History (0 events):
No events

Deoptimization events (0 events):
No events

Internal exceptions (10 events):
Event: 0.045 Thread 0x00007f7e8400a000 Threw 0x00000007d750f090 at /build/openjdk-7-9duhBW/openjdk-7-7u101-2.6.6/build/openjdk/hotspot/src/share/vm/prims/jni.cpp:4051
Event: 0.085 Thread 0x00007f7e8400a000 Threw 0x00000007d754a6b8 at /build/openjdk-7-9duhBW/openjdk-7-7u101-2.6.6/build/openjdk/hotspot/src/share/vm/prims/jni.cpp:721
Event: 0.085 Thread 0x00007f7e8400a000 Threw 0x00000007d754a838 at /build/openjdk-7-9duhBW/openjdk-7-7u101-2.6.6/build/openjdk/hotspot/src/share/vm/prims/jvm.cpp:1322
Event: 0.085 Thread 0x00007f7e8400a000 Threw 0x00000007d754a960 at /build/openjdk-7-9duhBW/openjdk-7-7u101-2.6.6/build/openjdk/hotspot/src/share/vm/prims/jvm.cpp:1322
Event: 0.085 Thread 0x00007f7e8400a000 Threw 0x00000007d754bf40 at /build/openjdk-7-9duhBW/openjdk-7-7u101-2.6.6/build/openjdk/hotspot/src/share/vm/prims/jvm.cpp:1322
Event: 0.093 Thread 0x00007f7e8400a000 Threw 0x00000007d7559528 at /build/openjdk-7-9duhBW/openjdk-7-7u101-2.6.6/build/openjdk/hotspot/src/share/vm/prims/jvm.cpp:1322
Event: 0.101 Thread 0x00007f7e8400a000 Threw 0x00000007d7591210 at /build/openjdk-7-9duhBW/openjdk-7-7u101-2.6.6/build/openjdk/hotspot/src/share/vm/prims/jni.cpp:721
Event: 0.102 Thread 0x00007f7e8400a000 Threw 0x00000007d7592338 at /build/openjdk-7-9duhBW/openjdk-7-7u101-2.6.6/build/openjdk/hotspot/src/share/vm/prims/jni.cpp:721
Event: 0.111 Thread 0x00007f7e8400a000 Threw 0x00000007d7642d90 at /build/openjdk-7-9duhBW/openjdk-7-7u101-2.6.6/build/openjdk/hotspot/src/share/vm/prims/jni.cpp:721
Event: 0.112 Thread 0x00007f7e8400a000 Threw 0x00000007d7643c98 at /build/openjdk-7-9duhBW/openjdk-7-7u101-2.6.6/build/openjdk/hotspot/src/share/vm/prims/jni.cpp:721

Events (10 events):
Event: 0.120 loading class 0x00007f7e841382d0
Event: 0.120 loading class 0x00007f7e841382d0 done
Event: 0.126 Thread 0x00007f7e84133800 Thread added: 0x00007f7e84133800
Event: 0.132 loading class 0x00007f7e7c54e810
Event: 0.132 loading class 0x00007f7e7c54e810 done
Event: 0.132 loading class 0x00007f7e840feb90
Event: 0.132 loading class 0x00007f7e840feb90 done
Event: 0.133 Thread 0x00007f7e8412d800 Thread added: 0x00007f7e8412d800
Event: 0.133 Thread 0x00007f7e8400a000 Thread exited: 0x00007f7e8400a000
Event: 0.133 Thread 0x00007f7e8400a000 Thread added: 0x00007f7e8400a000


Dynamic libraries:
00400000-00401000 r-xp 00000000 08:02 10491431                           /usr/lib/jvm/java-7-openjdk-amd64/jre/bin/java
00600000-00601000 r--p 00000000 08:02 10491431                           /usr/lib/jvm/java-7-openjdk-amd64/jre/bin/java
00601000-00602000 rw-p 00001000 08:02 10491431                           /usr/lib/jvm/java-7-openjdk-amd64/jre/bin/java
01893000-018b4000 rw-p 00000000 00:00 0                                  [heap]
77ba00000-77cf00000 rw-p 00000000 00:00 0 
77cf00000-786000000 rw-p 00000000 00:00 0 
786000000-78b100000 rw-p 00000000 00:00 0 
78b100000-7d7500000 rw-p 00000000 00:00 0 
7d7500000-7d9e00000 rw-p 00000000 00:00 0 
7d9e00000-800000000 rw-p 00000000 00:00 0 
7f7e40000000-7f7e40021000 rw-p 00000000 00:00 0 
7f7e40021000-7f7e44000000 ---p 00000000 00:00 0 
7f7e44000000-7f7e44021000 rw-p 00000000 00:00 0 
7f7e44021000-7f7e48000000 ---p 00000000 00:00 0 
7f7e48000000-7f7e48021000 rw-p 00000000 00:00 0 
7f7e48021000-7f7e4c000000 ---p 00000000 00:00 0 
7f7e4c000000-7f7e4c021000 rw-p 00000000 00:00 0 
7f7e4c021000-7f7e50000000 ---p 00000000 00:00 0 
7f7e50000000-7f7e50076000 rw-p 00000000 00:00 0 
7f7e50076000-7f7e54000000 ---p 00000000 00:00 0 
7f7e54000000-7f7e5405d000 rw-p 00000000 00:00 0 
7f7e5405d000-7f7e58000000 ---p 00000000 00:00 0 
7f7e58000000-7f7e58021000 rw-p 00000000 00:00 0 
7f7e58021000-7f7e5c000000 ---p 00000000 00:00 0 
7f7e5c000000-7f7e5c021000 rw-p 00000000 00:00 0 
7f7e5c021000-7f7e60000000 ---p 00000000 00:00 0 
7f7e60000000-7f7e60021000 rw-p 00000000 00:00 0 
7f7e60021000-7f7e64000000 ---p 00000000 00:00 0 
7f7e64000000-7f7e64021000 rw-p 00000000 00:00 0 
7f7e64021000-7f7e68000000 ---p 00000000 00:00 0 
7f7e68000000-7f7e68021000 rw-p 00000000 00:00 0 
7f7e68021000-7f7e6c000000 ---p 00000000 00:00 0 
7f7e6e0fa000-7f7e6e0fd000 ---p 00000000 00:00 0 
7f7e6e0fd000-7f7e6e1fb000 rw-p 00000000 00:00 0 
7f7e6e1fb000-7f7e6e1fe000 ---p 00000000 00:00 0 
7f7e6e1fe000-7f7e6e2fc000 rw-p 00000000 00:00 0 
7f7e6e2fc000-7f7e6e308000 r-xp 00000000 08:02 23333409                   /usr/lib/jvm/java-7-openjdk-amd64/jre/lib/amd64/librxtxSerial.so
7f7e6e308000-7f7e6e407000 ---p 0000c000 08:02 23333409                   /usr/lib/jvm/java-7-openjdk-amd64/jre/lib/amd64/librxtxSerial.so
7f7e6e407000-7f7e6e409000 rw-p 0000b000 08:02 23333409                   /usr/lib/jvm/java-7-openjdk-amd64/jre/lib/amd64/librxtxSerial.so
7f7e6e409000-7f7e6e40a000 ---p 00000000 00:00 0 
7f7e6e40a000-7f7e6e50a000 rw-p 00000000 00:00 0 
7f7e6e50a000-7f7e6e50d000 ---p 00000000 00:00 0 
7f7e6e50d000-7f7e6e60b000 rw-p 00000000 00:00 0 
7f7e6e60b000-7f7e6e60e000 ---p 00000000 00:00 0 
7f7e6e60e000-7f7e6e70c000 rw-p 00000000 00:00 0 
7f7e6e70c000-7f7e6e70f000 ---p 00000000 00:00 0 
7f7e6e70f000-7f7e6e80d000 rw-p 00000000 00:00 0 
7f7e6e80d000-7f7e6e810000 ---p 00000000 00:00 0 
7f7e6e810000-7f7e6e90e000 rw-p 00000000 00:00 0 
7f7e6e90e000-7f7e6eff0000 r--p 00000000 08:02 10230327                   /usr/lib/locale/locale-archive
7f7e6eff0000-7f7e6eff3000 ---p 00000000 00:00 0 
7f7e6eff3000-7f7e6f0f1000 rw-p 00000000 00:00 0 
7f7e6f0f1000-7f7e6f0f4000 ---p 00000000 00:00 0 
7f7e6f0f4000-7f7e6f1f2000 rw-p 00000000 00:00 0 
7f7e6f1f2000-7f7e6f1f3000 ---p 00000000 00:00 0 
7f7e6f1f3000-7f7e70000000 rw-p 00000000 00:00 0 
7f7e70000000-7f7e70021000 rw-p 00000000 00:00 0 
7f7e70021000-7f7e74000000 ---p 00000000 00:00 0 
7f7e74000000-7f7e74021000 rw-p 00000000 00:00 0 
7f7e74021000-7f7e78000000 ---p 00000000 00:00 0 
7f7e78000000-7f7e78021000 rw-p 00000000 00:00 0 
7f7e78021000-7f7e7c000000 ---p 00000000 00:00 0 
7f7e7c036000-7f7e7c326000 rw-p 00000000 00:00 0 
7f7e7c326000-7f7e7c4d8000 r--s 01d32000 08:02 10492481                   /usr/lib/jvm/java-7-openjdk-amd64/jre/lib/rt.jar
7f7e7c4d8000-7f7e80bfc000 rw-p 00000000 00:00 0 
7f7e80bfc000-7f7e80bfd000 ---p 00000000 00:00 0 
7f7e80bfd000-7f7e80cfd000 rw-p 00000000 00:00 0 
7f7e80cfd000-7f7e80cfe000 ---p 00000000 00:00 0 
7f7e80cfe000-7f7e80dfe000 rw-p 00000000 00:00 0 
7f7e80dfe000-7f7e80dff000 ---p 00000000 00:00 0 
7f7e80dff000-7f7e80eff000 rw-p 00000000 00:00 0 
7f7e80eff000-7f7e80f00000 ---p 00000000 00:00 0 
7f7e80f00000-7f7e81000000 rw-p 00000000 00:00 0 
7f7e81000000-7f7e81270000 rwxp 00000000 00:00 0 
7f7e81270000-7f7e8415a000 rw-p 00000000 00:00 0 
7f7e8415a000-7f7e88000000 ---p 00000000 00:00 0 
7f7e88010000-7f7e8806d000 rw-p 00000000 00:00 0 
7f7e8806d000-7f7e880b5000 rw-p 00000000 00:00 0 
7f7e880b5000-7f7e880de000 rw-p 00000000 00:00 0 
7f7e880de000-7f7e88340000 rw-p 00000000 00:00 0 
7f7e88340000-7f7e8834b000 rw-p 00000000 00:00 0 
7f7e8834b000-7f7e88393000 rw-p 00000000 00:00 0 
7f7e88393000-7f7e883bc000 rw-p 00000000 00:00 0 
7f7e883bc000-7f7e8861d000 rw-p 00000000 00:00 0 
7f7e8861d000-7f7e88632000 rw-p 00000000 00:00 0 
7f7e88632000-7f7e88763000 rw-p 00000000 00:00 0 
7f7e88763000-7f7e88764000 rw-p 00000000 00:00 0 
7f7e88764000-7f7e8876c000 r-xp 00000000 08:02 10492452                   /usr/lib/jvm/java-7-openjdk-amd64/jre/lib/amd64/libzip.so
7f7e8876c000-7f7e8896b000 ---p 00008000 08:02 10492452                   /usr/lib/jvm/java-7-openjdk-amd64/jre/lib/amd64/libzip.so
7f7e8896b000-7f7e8896c000 r--p 00007000 08:02 10492452                   /usr/lib/jvm/java-7-openjdk-amd64/jre/lib/amd64/libzip.so
7f7e8896c000-7f7e8896d000 rw-p 00008000 08:02 10492452                   /usr/lib/jvm/java-7-openjdk-amd64/jre/lib/amd64/libzip.so
7f7e8896d000-7f7e88977000 r-xp 00000000 08:02 7870574                    /lib/x86_64-linux-gnu/libnss_files-2.19.so
7f7e88977000-7f7e88b76000 ---p 0000a000 08:02 7870574                    /lib/x86_64-linux-gnu/libnss_files-2.19.so
7f7e88b76000-7f7e88b77000 r--p 00009000 08:02 7870574                    /lib/x86_64-linux-gnu/libnss_files-2.19.so
7f7e88b77000-7f7e88b78000 rw-p 0000a000 08:02 7870574                    /lib/x86_64-linux-gnu/libnss_files-2.19.so
7f7e88b78000-7f7e88b83000 r-xp 00000000 08:02 7870566                    /lib/x86_64-linux-gnu/libnss_nis-2.19.so
7f7e88b83000-7f7e88d82000 ---p 0000b000 08:02 7870566                    /lib/x86_64-linux-gnu/libnss_nis-2.19.so
7f7e88d82000-7f7e88d83000 r--p 0000a000 08:02 7870566                    /lib/x86_64-linux-gnu/libnss_nis-2.19.so
7f7e88d83000-7f7e88d84000 rw-p 0000b000 08:02 7870566                    /lib/x86_64-linux-gnu/libnss_nis-2.19.so
7f7e88d84000-7f7e88d9b000 r-xp 00000000 08:02 7870562                    /lib/x86_64-linux-gnu/libnsl-2.19.so
7f7e88d9b000-7f7e88f9a000 ---p 00017000 08:02 7870562                    /lib/x86_64-linux-gnu/libnsl-2.19.so
7f7e88f9a000-7f7e88f9b000 r--p 00016000 08:02 7870562                    /lib/x86_64-linux-gnu/libnsl-2.19.so
7f7e88f9b000-7f7e88f9c000 rw-p 00017000 08:02 7870562                    /lib/x86_64-linux-gnu/libnsl-2.19.so
7f7e88f9c000-7f7e88f9e000 rw-p 00000000 00:00 0 
7f7e88f9e000-7f7e88fa7000 r-xp 00000000 08:02 7865816                    /lib/x86_64-linux-gnu/libnss_compat-2.19.so
7f7e88fa7000-7f7e891a6000 ---p 00009000 08:02 7865816                    /lib/x86_64-linux-gnu/libnss_compat-2.19.so
7f7e891a6000-7f7e891a7000 r--p 00008000 08:02 7865816                    /lib/x86_64-linux-gnu/libnss_compat-2.19.so
7f7e891a7000-7f7e891a8000 rw-p 00009000 08:02 7865816                    /lib/x86_64-linux-gnu/libnss_compat-2.19.so
7f7e891a8000-7f7e891d3000 r-xp 00000000 08:02 10492438                   /usr/lib/jvm/java-7-openjdk-amd64/jre/lib/amd64/libjava.so
7f7e891d3000-7f7e893d3000 ---p 0002b000 08:02 10492438                   /usr/lib/jvm/java-7-openjdk-amd64/jre/lib/amd64/libjava.so
7f7e893d3000-7f7e893d4000 r--p 0002b000 08:02 10492438                   /usr/lib/jvm/java-7-openjdk-amd64/jre/lib/amd64/libjava.so
7f7e893d4000-7f7e893d6000 rw-p 0002c000 08:02 10492438                   /usr/lib/jvm/java-7-openjdk-amd64/jre/lib/amd64/libjava.so
7f7e893d6000-7f7e893e6000 r-xp 00000000 08:02 10492439                   /usr/lib/jvm/java-7-openjdk-amd64/jre/lib/amd64/libverify.so
7f7e893e6000-7f7e895e5000 ---p 00010000 08:02 10492439                   /usr/lib/jvm/java-7-openjdk-amd64/jre/lib/amd64/libverify.so
7f7e895e5000-7f7e895e7000 r--p 0000f000 08:02 10492439                   /usr/lib/jvm/java-7-openjdk-amd64/jre/lib/amd64/libverify.so
7f7e895e7000-7f7e895e8000 rw-p 00011000 08:02 10492439                   /usr/lib/jvm/java-7-openjdk-amd64/jre/lib/amd64/libverify.so
7f7e895e8000-7f7e895ef000 r-xp 00000000 08:02 7870570                    /lib/x86_64-linux-gnu/librt-2.19.so
7f7e895ef000-7f7e897ee000 ---p 00007000 08:02 7870570                    /lib/x86_64-linux-gnu/librt-2.19.so
7f7e897ee000-7f7e897ef000 r--p 00006000 08:02 7870570                    /lib/x86_64-linux-gnu/librt-2.19.so
7f7e897ef000-7f7e897f0000 rw-p 00007000 08:02 7870570                    /lib/x86_64-linux-gnu/librt-2.19.so
7f7e897f0000-7f7e89806000 r-xp 00000000 08:02 7864485                    /lib/x86_64-linux-gnu/libgcc_s.so.1
7f7e89806000-7f7e89a05000 ---p 00016000 08:02 7864485                    /lib/x86_64-linux-gnu/libgcc_s.so.1
7f7e89a05000-7f7e89a06000 rw-p 00015000 08:02 7864485                    /lib/x86_64-linux-gnu/libgcc_s.so.1
7f7e89a06000-7f7e89b0b000 r-xp 00000000 08:02 7864425                    /lib/x86_64-linux-gnu/libm-2.19.so
7f7e89b0b000-7f7e89d0a000 ---p 00105000 08:02 7864425                    /lib/x86_64-linux-gnu/libm-2.19.so
7f7e89d0a000-7f7e89d0b000 r--p 00104000 08:02 7864425                    /lib/x86_64-linux-gnu/libm-2.19.so
7f7e89d0b000-7f7e89d0c000 rw-p 00105000 08:02 7864425                    /lib/x86_64-linux-gnu/libm-2.19.so
7f7e89d0c000-7f7e89df2000 r-xp 00000000 08:02 10224960                   /usr/lib/x86_64-linux-gnu/libstdc++.so.6.0.19
7f7e89df2000-7f7e89ff1000 ---p 000e6000 08:02 10224960                   /usr/lib/x86_64-linux-gnu/libstdc++.so.6.0.19
7f7e89ff1000-7f7e89ff9000 r--p 000e5000 08:02 10224960                   /usr/lib/x86_64-linux-gnu/libstdc++.so.6.0.19
7f7e89ff9000-7f7e89ffb000 rw-p 000ed000 08:02 10224960                   /usr/lib/x86_64-linux-gnu/libstdc++.so.6.0.19
7f7e89ffb000-7f7e8a010000 rw-p 00000000 00:00 0 
7f7e8a010000-7f7e8ab35000 r-xp 00000000 08:02 10492450                   /usr/lib/jvm/java-7-openjdk-amd64/jre/lib/amd64/server/libjvm.so
7f7e8ab35000-7f7e8ad35000 ---p 00b25000 08:02 10492450                   /usr/lib/jvm/java-7-openjdk-amd64/jre/lib/amd64/server/libjvm.so
7f7e8ad35000-7f7e8adcf000 r--p 00b25000 08:02 10492450                   /usr/lib/jvm/java-7-openjdk-amd64/jre/lib/amd64/server/libjvm.so
7f7e8adcf000-7f7e8adf2000 rw-p 00bbf000 08:02 10492450                   /usr/lib/jvm/java-7-openjdk-amd64/jre/lib/amd64/server/libjvm.so
7f7e8adf2000-7f7e8ae21000 rw-p 00000000 00:00 0 
7f7e8ae21000-7f7e8ae39000 r-xp 00000000 08:02 7868667                    /lib/x86_64-linux-gnu/libz.so.1.2.8
7f7e8ae39000-7f7e8b038000 ---p 00018000 08:02 7868667                    /lib/x86_64-linux-gnu/libz.so.1.2.8
7f7e8b038000-7f7e8b039000 r--p 00017000 08:02 7868667                    /lib/x86_64-linux-gnu/libz.so.1.2.8
7f7e8b039000-7f7e8b03a000 rw-p 00018000 08:02 7868667                    /lib/x86_64-linux-gnu/libz.so.1.2.8
7f7e8b03a000-7f7e8b053000 r-xp 00000000 08:02 7870563                    /lib/x86_64-linux-gnu/libpthread-2.19.so
7f7e8b053000-7f7e8b252000 ---p 00019000 08:02 7870563                    /lib/x86_64-linux-gnu/libpthread-2.19.so
7f7e8b252000-7f7e8b253000 r--p 00018000 08:02 7870563                    /lib/x86_64-linux-gnu/libpthread-2.19.so
7f7e8b253000-7f7e8b254000 rw-p 00019000 08:02 7870563                    /lib/x86_64-linux-gnu/libpthread-2.19.so
7f7e8b254000-7f7e8b258000 rw-p 00000000 00:00 0 
7f7e8b258000-7f7e8b25b000 r-xp 00000000 08:02 7865508                    /lib/x86_64-linux-gnu/libdl-2.19.so
7f7e8b25b000-7f7e8b45a000 ---p 00003000 08:02 7865508                    /lib/x86_64-linux-gnu/libdl-2.19.so
7f7e8b45a000-7f7e8b45b000 r--p 00002000 08:02 7865508                    /lib/x86_64-linux-gnu/libdl-2.19.so
7f7e8b45b000-7f7e8b45c000 rw-p 00003000 08:02 7865508                    /lib/x86_64-linux-gnu/libdl-2.19.so
7f7e8b45c000-7f7e8b616000 r-xp 00000000 08:02 7870571                    /lib/x86_64-linux-gnu/libc-2.19.so
7f7e8b616000-7f7e8b816000 ---p 001ba000 08:02 7870571                    /lib/x86_64-linux-gnu/libc-2.19.so
7f7e8b816000-7f7e8b81a000 r--p 001ba000 08:02 7870571                    /lib/x86_64-linux-gnu/libc-2.19.so
7f7e8b81a000-7f7e8b81c000 rw-p 001be000 08:02 7870571                    /lib/x86_64-linux-gnu/libc-2.19.so
7f7e8b81c000-7f7e8b821000 rw-p 00000000 00:00 0 
7f7e8b821000-7f7e8b82e000 r-xp 00000000 08:02 10492465                   /usr/lib/jvm/java-7-openjdk-amd64/jre/lib/amd64/jli/libjli.so
7f7e8b82e000-7f7e8ba2d000 ---p 0000d000 08:02 10492465                   /usr/lib/jvm/java-7-openjdk-amd64/jre/lib/amd64/jli/libjli.so
7f7e8ba2d000-7f7e8ba2e000 r--p 0000c000 08:02 10492465                   /usr/lib/jvm/java-7-openjdk-amd64/jre/lib/amd64/jli/libjli.so
7f7e8ba2e000-7f7e8ba2f000 rw-p 0000d000 08:02 10492465                   /usr/lib/jvm/java-7-openjdk-amd64/jre/lib/amd64/jli/libjli.so
7f7e8ba2f000-7f7e8ba52000 r-xp 00000000 08:02 7870564                    /lib/x86_64-linux-gnu/ld-2.19.so
7f7e8ba67000-7f7e8ba68000 r--p 00000000 08:02 11930930                   /usr/share/locale-langpack/en_GB/LC_MESSAGES/libc.mo
7f7e8ba68000-7f7e8ba72000 rw-p 00000000 00:00 0 
7f7e8ba72000-7f7e8bb28000 rw-p 00000000 00:00 0 
7f7e8bb28000-7f7e8bb2b000 ---p 00000000 00:00 0 
7f7e8bb2b000-7f7e8bc2f000 rw-p 00000000 00:00 0 
7f7e8bc2f000-7f7e8bc31000 r--s 0000d000 08:02 18484774                   /usr/lib/jvm/java-7-openjdk-amd64/jre/lib/ext/RXTXcomm.jar
7f7e8bc31000-7f7e8bc33000 r--s 00012000 08:02 10492492                   /usr/lib/jvm/java-7-openjdk-amd64/jre/lib/ext/zipfs.jar
7f7e8bc33000-7f7e8bc36000 r--s 0000f000 08:02 10492494                   /usr/lib/jvm/java-7-openjdk-amd64/jre/lib/ext/icedtea-sound.jar
7f7e8bc36000-7f7e8bc3a000 r--s 00085000 08:02 10492495                   /usr/lib/jvm/java-7-openjdk-amd64/jre/lib/ext/localedata.jar
7f7e8bc3a000-7f7e8bc3e000 r--s 00034000 08:02 10492493                   /usr/lib/jvm/java-7-openjdk-amd64/jre/lib/ext/sunjce_provider.jar
7f7e8bc3e000-7f7e8bc3f000 r--s 00002000 08:02 10492491                   /usr/lib/jvm/java-7-openjdk-amd64/jre/lib/ext/dnsns.jar
7f7e8bc3f000-7f7e8bc41000 r--s 00006000 08:02 10624559                   /usr/share/java/java-atk-wrapper.jar
7f7e8bc41000-7f7e8bc45000 r--s 0003c000 08:02 10492496                   /usr/lib/jvm/java-7-openjdk-amd64/jre/lib/ext/sunpkcs11.jar
7f7e8bc45000-7f7e8bc4d000 rw-s 00000000 08:02 5375013                    /tmp/hsperfdata_midries/7368
7f7e8bc4d000-7f7e8bc4e000 rw-p 00000000 00:00 0 
7f7e8bc4e000-7f7e8bc4f000 r--p 00000000 00:00 0 
7f7e8bc4f000-7f7e8bc51000 rw-p 00000000 00:00 0 
7f7e8bc51000-7f7e8bc52000 r--p 00022000 08:02 7870564                    /lib/x86_64-linux-gnu/ld-2.19.so
7f7e8bc52000-7f7e8bc53000 rw-p 00023000 08:02 7870564                    /lib/x86_64-linux-gnu/ld-2.19.so
7f7e8bc53000-7f7e8bc54000 rw-p 00000000 00:00 0 
7ffc36ba5000-7ffc36bc6000 rw-p 00000000 00:00 0                          [stack]
7ffc36bdc000-7ffc36bde000 r--p 00000000 00:00 0                          [vvar]
7ffc36bde000-7ffc36be0000 r-xp 00000000 00:00 0                          [vdso]
ffffffffff600000-ffffffffff601000 r-xp 00000000 00:00 0                  [vsyscall]

VM Arguments:
jvm_args: -Dfile.encoding=UTF-8 
java_command: SerialTest
Launcher Type: SUN_STANDARD

Environment Variables:
PATH=/home/midries/CodeSourcery/Sourcery_G++_Lite/bin:/usr/local/sbin:/usr/local/bin:/usr/sbin:/usr/bin:/sbin:/bin:/usr/games:/usr/local/games
SHELL=/bin/bash
DISPLAY=:0

Signal Handlers:
SIGSEGV: [libjvm.so+0x9561e0], sa_mask[0]=0x7ffbfeff, sa_flags=0x10000004
SIGBUS: [libjvm.so+0x9561e0], sa_mask[0]=0x7ffbfeff, sa_flags=0x10000004
SIGFPE: [libjvm.so+0x7cc4d0], sa_mask[0]=0x7ffbfeff, sa_flags=0x10000004
SIGPIPE: [libjvm.so+0x7cc4d0], sa_mask[0]=0x7ffbfeff, sa_flags=0x10000004
SIGXFSZ: [libjvm.so+0x7cc4d0], sa_mask[0]=0x7ffbfeff, sa_flags=0x10000004
SIGILL: [libjvm.so+0x7cc4d0], sa_mask[0]=0x7ffbfeff, sa_flags=0x10000004
SIGUSR1: SIG_DFL, sa_mask[0]=0x00000000, sa_flags=0x00000000
SIGUSR2: [libjvm.so+0x7cc370], sa_mask[0]=0x00000004, sa_flags=0x10000004
SIGHUP: [libjvm.so+0x7cc550], sa_mask[0]=0x7ffbfeff, sa_flags=0x10000004
SIGINT: [libjvm.so+0x7cc550], sa_mask[0]=0x7ffbfeff, sa_flags=0x10000004
SIGTERM: [libjvm.so+0x7cc550], sa_mask[0]=0x7ffbfeff, sa_flags=0x10000004
SIGQUIT: [libjvm.so+0x7cc550], sa_mask[0]=0x7ffbfeff, sa_flags=0x10000004
SIGTRAP: SIG_DFL, sa_mask[0]=0x00000000, sa_flags=0x00000000


---------------  S Y S T E M  ---------------

OS:Ubuntu 14.04 (trusty)
uname:Linux 3.19.0-61-generic #69~14.04.1-Ubuntu SMP Thu Jun 9 09:09:13 UTC 2016 x86_64
libc:glibc 2.19 NPTL 2.19 
rlimit: STACK 8192k, CORE 0k, NPROC 30866, NOFILE 4096, AS infinity
load average:0.69 1.15 1.12

/proc/meminfo:
MemTotal:        7991056 kB
MemFree:          767004 kB
MemAvailable:    1745616 kB
Buffers:           78556 kB
Cached:          2078448 kB
SwapCached:        16244 kB
Active:          5155356 kB
Inactive:        1686508 kB
Active(anon):    4563552 kB
Inactive(anon):  1210152 kB
Active(file):     591804 kB
Inactive(file):   476356 kB
Unevictable:         316 kB
Mlocked:             316 kB
SwapTotal:       8203260 kB
SwapFree:        7592468 kB
Dirty:               368 kB
Writeback:             0 kB
AnonPages:       4675356 kB
Mapped:           850164 kB
Shmem:           1088844 kB
Slab:             212380 kB
SReclaimable:     158792 kB
SUnreclaim:        53588 kB
KernelStack:       13776 kB
PageTables:        72672 kB
NFS_Unstable:          0 kB
Bounce:                0 kB
WritebackTmp:          0 kB
CommitLimit:    12198788 kB
Committed_AS:   15164752 kB
VmallocTotal:   34359738367 kB
VmallocUsed:      365176 kB
VmallocChunk:   34359299348 kB
HardwareCorrupted:     0 kB
AnonHugePages:   1232896 kB
CmaTotal:              0 kB
CmaFree:               0 kB
HugePages_Total:       0
HugePages_Free:        0
HugePages_Rsvd:        0
HugePages_Surp:        0
Hugepagesize:       2048 kB
DirectMap4k:      284708 kB
DirectMap2M:     7919616 kB


CPU:total 4 (2 cores per cpu, 2 threads per core) family 6 model 58 stepping 9, cmov, cx8, fxsr, mmx, sse, sse2, sse3, ssse3, sse4.1, sse4.2, popcnt, avx, aes, erms, ht, tsc, tscinvbit, tscinv

/proc/cpuinfo:
processor	: 0
vendor_id	: GenuineIntel
cpu family	: 6
model		: 58
model name	: Intel(R) Core(TM) i5-3230M CPU @ 2.60GHz
stepping	: 9
microcode	: 0x17
cpu MHz		: 1690.710
cache size	: 3072 KB
physical id	: 0
siblings	: 4
core id		: 0
cpu cores	: 2
apicid		: 0
initial apicid	: 0
fpu		: yes
fpu_exception	: yes
cpuid level	: 13
wp		: yes
flags		: fpu vme de pse tsc msr pae mce cx8 apic sep mtrr pge mca cmov pat pse36 clflush dts acpi mmx fxsr sse sse2 ss ht tm pbe syscall nx rdtscp lm constant_tsc arch_perfmon pebs bts rep_good nopl xtopology nonstop_tsc aperfmperf eagerfpu pni pclmulqdq dtes64 monitor ds_cpl vmx est tm2 ssse3 cx16 xtpr pdcm pcid sse4_1 sse4_2 x2apic popcnt tsc_deadline_timer aes xsave avx f16c rdrand lahf_lm ida arat epb pln pts dtherm tpr_shadow vnmi flexpriority ept vpid fsgsbase smep erms xsaveopt
bugs		:
bogomips	: 5188.36
clflush size	: 64
cache_alignment	: 64
address sizes	: 36 bits physical, 48 bits virtual
power management:

processor	: 1
vendor_id	: GenuineIntel
cpu family	: 6
model		: 58
model name	: Intel(R) Core(TM) i5-3230M CPU @ 2.60GHz
stepping	: 9
microcode	: 0x17
cpu MHz		: 1324.171
cache size	: 3072 KB
physical id	: 0
siblings	: 4
core id		: 0
cpu cores	: 2
apicid		: 1
initial apicid	: 1
fpu		: yes
fpu_exception	: yes
cpuid level	: 13
wp		: yes
flags		: fpu vme de pse tsc msr pae mce cx8 apic sep mtrr pge mca cmov pat pse36 clflush dts acpi mmx fxsr sse sse2 ss ht tm pbe syscall nx rdtscp lm constant_tsc arch_perfmon pebs bts rep_good nopl xtopology nonstop_tsc aperfmperf eagerfpu pni pclmulqdq dtes64 monitor ds_cpl vmx est tm2 ssse3 cx16 xtpr pdcm pcid sse4_1 sse4_2 x2apic popcnt tsc_deadline_timer aes xsave avx f16c rdrand lahf_lm ida arat epb pln pts dtherm tpr_shadow vnmi flexpriority ept vpid fsgsbase smep erms xsaveopt
bugs		:
bogomips	: 5188.36
clflush size	: 64
cache_alignment	: 64
address sizes	: 36 bits physical, 48 bits virtual
power management:

processor	: 2
vendor_id	: GenuineIntel
cpu family	: 6
model		: 58
model name	: Intel(R) Core(TM) i5-3230M CPU @ 2.60GHz
stepping	: 9
microcode	: 0x17
cpu MHz		: 1716.203
cache size	: 3072 KB
physical id	: 0
siblings	: 4
core id		: 1
cpu cores	: 2
apicid		: 2
initial apicid	: 2
fpu		: yes
fpu_exception	: yes
cpuid level	: 13
wp		: yes
flags		: fpu vme de pse tsc msr pae mce cx8 apic sep mtrr pge mca cmov pat pse36 clflush dts acpi mmx fxsr sse sse2 ss ht tm pbe syscall nx rdtscp lm constant_tsc arch_perfmon pebs bts rep_good nopl xtopology nonstop_tsc aperfmperf eagerfpu pni pclmulqdq dtes64 monitor ds_cpl vmx est tm2 ssse3 cx16 xtpr pdcm pcid sse4_1 sse4_2 x2apic popcnt tsc_deadline_timer aes xsave avx f16c rdrand lahf_lm ida arat epb pln pts dtherm tpr_shadow vnmi flexpriority ept vpid fsgsbase smep erms xsaveopt
bugs		:
bogomips	: 5188.36
clflush size	: 64
cache_alignment	: 64
address sizes	: 36 bits physical, 48 bits virtual
power management:

processor	: 3
vendor_id	: GenuineIntel
cpu family	: 6
model		: 58
model name	: Intel(R) Core(TM) i5-3230M CPU @ 2.60GHz
stepping	: 9
microcode	: 0x17
cpu MHz		: 1348.851
cache size	: 3072 KB
physical id	: 0
siblings	: 4
core id		: 1
cpu cores	: 2
apicid		: 3
initial apicid	: 3
fpu		: yes
fpu_exception	: yes
cpuid level	: 13
wp		: yes
flags		: fpu vme de pse tsc msr pae mce cx8 apic sep mtrr pge mca cmov pat pse36 clflush dts acpi mmx fxsr sse sse2 ss ht tm pbe syscall nx rdtscp lm constant_tsc arch_perfmon pebs bts rep_good nopl xtopology nonstop_tsc aperfmperf eagerfpu pni pclmulqdq dtes64 monitor ds_cpl vmx est tm2 ssse3 cx16 xtpr pdcm pcid sse4_1 sse4_2 x2apic popcnt tsc_deadline_timer aes xsave avx f16c rdrand lahf_lm ida arat epb pln pts dtherm tpr_shadow vnmi flexpriority ept vpid fsgsbase smep erms xsaveopt
bugs		:
bogomips	: 5188.36
clflush size	: 64
cache_alignment	: 64
address sizes	: 36 bits physical, 48 bits virtual
power management:



Memory: 4k page, physical 7991056k(767004k free), swap 8203260k(7592468k free)

vm_info: OpenJDK 64-Bit Server VM (24.95-b01) for linux-amd64 JRE (1.7.0_101-b00), built on Apr 24 2016 20:39:29 by "buildd" with gcc 4.8.2

time: Thu Jun 30 13:28:28 2016
elapsed time: 0 seconds

