#
# A fatal error has been detected by the Java Runtime Environment:
#
#  SIGSEGV (0xb) at pc=0x00007f0d63413462, pid=6947, tid=139695476492032
#
# JRE version: OpenJDK Runtime Environment (7.0_101) (build 1.7.0_101-b00)
# Java VM: OpenJDK 64-Bit Server VM (24.95-b01 mixed mode linux-amd64 compressed oops)
# Derivative: IcedTea 2.6.6
# Distribution: Ubuntu 14.04 LTS, package 7u101-2.6.6-0ubuntu0.14.04.1
# Problematic frame:
# C  [librxtxSerial.so+0x6462]  read_byte_array+0x52
#
# Failed to write core dump. Core dumps have been disabled. To enable core dumping, try "ulimit -c unlimited" before starting Java again
#
# If you would like to submit a bug report, please include
# instructions on how to reproduce the bug and visit:
#   http://icedtea.classpath.org/bugzilla
# The crash happened outside the Java Virtual Machine in native code.
# See problematic frame for where to report the bug.
#

---------------  T H R E A D  ---------------

Current thread (0x00007f0d6c134800):  JavaThread "Thread-0" [_thread_in_native, id=6965, stack(0x00007f0d6330c000,0x00007f0d6340d000)]

siginfo:si_signo=SIGSEGV: si_errno=0, si_code=1 (SEGV_MAPERR), si_addr=0x000000006340b7b8

Registers:
RAX=0x000000006340b7b0, RBX=0xffffffffffffffff, RCX=0x0000000000000001, RDX=0x00007f0d73d2cf60
RSP=0x00007f0d6340ab90, RBP=0x00007f0d6c1349d8, RSI=0x00007f0d63416e30, RDI=0x00007f0d63416d3e
R8 =0x000000077bce82d0, R9 =0x00000007d7663a90, R10=0x0000000000000000, R11=0x00007f0d73d319a4
R12=0x00000000ffffffff, R13=0x0000000000000000, R14=0x000000000000000c, R15=0x0000000000000000
RIP=0x00007f0d63413462, EFLAGS=0x0000000000010206, CSGSFS=0x0000000000000033, ERR=0x0000000000000004
  TRAPNO=0x000000000000000e

Top of Stack: (sp=0x00007f0d6340ab90)
0x00007f0d6340ab90:   00007f0d6340ded0 00007f0d6c111d80
0x00007f0d6340aba0:   0000000000000000 000000077bcf2e28
0x00007f0d6340abb0:   00007f0d706bfee0 000000006340b7b0
0x00007f0d6340abc0:   00007f0d6340ac00 0000000000000000
0x00007f0d6340abd0:   0000000000000000 0000000400000000
0x00007f0d6340abe0:   00007f0d20001140 0000000c00002000
0x00007f0d6340abf0:   0000000000000000 00007f0d63519830
0x00007f0d6340ac00:   0000000000000000 0000000000000004
0x00007f0d6340ac10:   000000000000000c 0000000000000000
0x00007f0d6340ac20:   00007f0d6c1349d8 00007f0d7496a527
0x00007f0d6340ac30:   0000000000000005 0000000000000000
0x00007f0d6340ac40:   00007f0d6c134800 00007f0d6340ded0
0x00007f0d6340ac50:   ffffffffffffffff 00007f0d6c1349d8
0x00007f0d6340ac60:   00007f0d20001140 00007f0d749714d5
0x00007f0d6340ac70:   00007f0d20001140 00007f0d20001140
0x00007f0d6340ac80:   000000000000000c ffffffffffffffff
0x00007f0d6340ac90:   00007f0d6c1349d8 00007f0d20001140
0x00007f0d6340aca0:   0000000000000004 000000000000000c
0x00007f0d6340acb0:   0000000000000000 00007f0d634138a1
0x00007f0d6340acc0:   00007f0d6c134800 00007f0d6340ada8
0x00007f0d6340acd0:   00007f0d6340adb0 000000077bceb328
0x00007f0d6340ace0:   00007f0d6340ad78 0000000000000000
0x00007f0d6340acf0:   000000077bceb320 00007f0d6340adb0
0x00007f0d6340ad00:   00007f0d6c134800 00007f0d69014e98
0x00007f0d6340ad10:   00007f0d6c131ab8 00007f0d6c131ac8
0x00007f0d6340ad20:   00007f0d6c131ad0 00007f0d6c131ad0
0x00007f0d6340ad30:   00007f0dfffffffe 00007f0d6340ad38
0x00007f0d6340ad40:   000000077bceb320 00007f0d6340adb0
0x00007f0d6340ad50:   000000077bd06d78 0000000000000000
0x00007f0d6340ad60:   000000077bceb328 0000000000000000
0x00007f0d6340ad70:   00007f0d6340ad98 00007f0d6340ae08
0x00007f0d6340ad80:   00007f0d690062ec 0000000000000000 

Instructions: (pc=0x00007f0d63413462)
0x00007f0d63413442:   89 44 24 4c 48 c7 44 24 40 00 00 00 00 48 c7 44
0x00007f0d63413452:   24 38 00 00 00 00 e8 53 d7 ff ff 48 89 44 24 28
0x00007f0d63413462:   8b 40 08 45 85 e4 48 8b 54 24 28 44 8b 7c 24 4c
0x00007f0d63413472:   89 44 24 34 c7 42 08 00 00 00 00 78 0c 31 c0 e8 

Register to memory mapping:

RAX=0x000000006340b7b0 is an unknown value
RBX=0xffffffffffffffff is an unknown value
RCX=0x0000000000000001 is an unknown value
RDX=0x00007f0d73d2cf60: <offset 0xdf0f60> in /usr/lib/jvm/java-7-openjdk-amd64/jre/lib/amd64/server/libjvm.so at 0x00007f0d72f3c000
RSP=0x00007f0d6340ab90 is pointing into the stack for thread: 0x00007f0d6c134800
RBP=0x00007f0d6c1349d8 is an unknown value
RSI=0x00007f0d63416e30: <offset 0x9e30> in /usr/lib/jvm/java-7-openjdk-amd64/jre/lib/amd64/librxtxSerial.so at 0x00007f0d6340d000
RDI=0x00007f0d63416d3e: <offset 0x9d3e> in /usr/lib/jvm/java-7-openjdk-amd64/jre/lib/amd64/librxtxSerial.so at 0x00007f0d6340d000
R8 =0x000000077bce82d0 is an oop
[S 
 - klass: {type array short}
 - length: 174
R9 =0x00000007d7663a90 is an oop
gnu.io.RXTXPort 
 - klass: 'gnu/io/RXTXPort'
R10=0x0000000000000000 is an unknown value
R11=0x00007f0d73d319a4: <offset 0xdf59a4> in /usr/lib/jvm/java-7-openjdk-amd64/jre/lib/amd64/server/libjvm.so at 0x00007f0d72f3c000
R12=0x00000000ffffffff is an unknown value
R13=0x0000000000000000 is an unknown value
R14=0x000000000000000c is an unknown value
R15=0x0000000000000000 is an unknown value


Stack: [0x00007f0d6330c000,0x00007f0d6340d000],  sp=0x00007f0d6340ab90,  free space=1018k
Native frames: (J=compiled Java code, j=interpreted, Vv=VM code, C=native code)
C  [librxtxSerial.so+0x6462]  read_byte_array+0x52

Java frames: (J=compiled Java code, j=interpreted, Vv=VM code)
j  gnu.io.RXTXPort.readArray([BII)I+0
j  gnu.io.RXTXPort$SerialInputStream.read([BII)I+187
j  sun.nio.cs.StreamDecoder.readBytes()I+135
j  sun.nio.cs.StreamDecoder.implRead([CII)I+112
j  sun.nio.cs.StreamDecoder.read([CII)I+180
j  java.io.InputStreamReader.read([CII)I+7
j  java.io.BufferedReader.fill()V+145
j  java.io.BufferedReader.readLine(Z)Ljava/lang/String;+44
j  java.io.BufferedReader.readLine()Ljava/lang/String;+2
j  SerialTest.serialEvent(Lgnu/io/SerialPortEvent;)V+12
j  gnu.io.RXTXPort.sendEvent(IZ)Z+382
v  ~StubRoutines::call_stub
j  gnu.io.RXTXPort.eventLoop()V+0
j  gnu.io.RXTXPort$MonitorThread.run()V+12
v  ~StubRoutines::call_stub

---------------  P R O C E S S  ---------------

Java Threads: ( => current thread )
  0x00007f0d6c00a000 JavaThread "DestroyJavaVM" [_thread_blocked, id=6952, stack(0x00007f0d74a54000,0x00007f0d74b55000)]
  0x00007f0d6c133000 JavaThread "Thread-1" [_thread_blocked, id=6966, stack(0x00007f0d6320b000,0x00007f0d6330c000)]
=>0x00007f0d6c134800 JavaThread "Thread-0" [_thread_in_native, id=6965, stack(0x00007f0d6330c000,0x00007f0d6340d000)]
  0x00007f0d6c0ae800 JavaThread "Service Thread" daemon [_thread_blocked, id=6963, stack(0x00007f0d6361b000,0x00007f0d6371c000)]
  0x00007f0d6c0ac000 JavaThread "C2 CompilerThread1" daemon [_thread_blocked, id=6962, stack(0x00007f0d6371c000,0x00007f0d6381d000)]
  0x00007f0d6c0a9800 JavaThread "C2 CompilerThread0" daemon [_thread_blocked, id=6961, stack(0x00007f0d6381d000,0x00007f0d6391e000)]
  0x00007f0d6c0a7000 JavaThread "Signal Dispatcher" daemon [_thread_blocked, id=6960, stack(0x00007f0d6808e000,0x00007f0d6818f000)]
  0x00007f0d6c07c000 JavaThread "Finalizer" daemon [_thread_blocked, id=6959, stack(0x00007f0d6818f000,0x00007f0d68290000)]
  0x00007f0d6c07a000 JavaThread "Reference Handler" daemon [_thread_blocked, id=6958, stack(0x00007f0d68290000,0x00007f0d68391000)]

Other Threads:
  0x00007f0d6c075800 VMThread [stack: 0x00007f0d68391000,0x00007f0d68492000] [id=6957]
  0x00007f0d6c0b9000 WatcherThread [stack: 0x00007f0d6351a000,0x00007f0d6361b000] [id=6964]

VM state:not at safepoint (normal execution)

VM Mutex/Monitor currently owned by a thread: None

Heap
 PSYoungGen      total 36864K, used 3174K [0x00000007d7500000, 0x00000007d9e00000, 0x0000000800000000)
  eden space 31744K, 10% used [0x00000007d7500000,0x00000007d7819b30,0x00000007d9400000)
  from space 5120K, 0% used [0x00000007d9900000,0x00000007d9900000,0x00000007d9e00000)
  to   space 5120K, 0% used [0x00000007d9400000,0x00000007d9400000,0x00000007d9900000)
 ParOldGen       total 82944K, used 0K [0x0000000786000000, 0x000000078b100000, 0x00000007d7500000)
  object space 82944K, 0% used [0x0000000786000000,0x0000000786000000,0x000000078b100000)
 PSPermGen       total 21504K, used 3173K [0x000000077ba00000, 0x000000077cf00000, 0x0000000786000000)
  object space 21504K, 14% used [0x000000077ba00000,0x000000077bd19560,0x000000077cf00000)

Card table byte_map: [0x00007f0d7126c000,0x00007f0d71690000] byte_map_base: 0x00007f0d6d68f000

Polling page: 0x00007f0d74b7a000

Code Cache  [0x00007f0d69000000, 0x00007f0d69270000, 0x00007f0d6c000000)
 total_blobs=185 nmethods=2 adapters=137 free_code_cache=48766Kb largest_free_block=49915328

Compilation events (4 events):
Event: 0.133 Thread 0x00007f0d6c0a9800    1             java.lang.String::indexOf (70 bytes)
Event: 0.140 Thread 0x00007f0d6c0a9800 nmethod 1 0x00007f0d69060c10 code [0x00007f0d69060d60, 0x00007f0d69060f18]
Event: 0.141 Thread 0x00007f0d6c0ac000    2             sun.nio.cs.UTF_8$Encoder::encode (361 bytes)
Event: 0.145 Thread 0x00007f0d6c0ac000 nmethod 2 0x00007f0d69060750 code [0x00007f0d690608a0, 0x00007f0d69060ad8]

GC Heap History (0 events):
No events

Deoptimization events (0 events):
No events

Internal exceptions (10 events):
Event: 0.043 Thread 0x00007f0d6c00a000 Threw 0x00000007d750f148 at /build/openjdk-7-9duhBW/openjdk-7-7u101-2.6.6/build/openjdk/hotspot/src/share/vm/prims/jni.cpp:4051
Event: 0.097 Thread 0x00007f0d6c00a000 Threw 0x00000007d754a770 at /build/openjdk-7-9duhBW/openjdk-7-7u101-2.6.6/build/openjdk/hotspot/src/share/vm/prims/jni.cpp:721
Event: 0.097 Thread 0x00007f0d6c00a000 Threw 0x00000007d754a8f0 at /build/openjdk-7-9duhBW/openjdk-7-7u101-2.6.6/build/openjdk/hotspot/src/share/vm/prims/jvm.cpp:1322
Event: 0.097 Thread 0x00007f0d6c00a000 Threw 0x00000007d754aa18 at /build/openjdk-7-9duhBW/openjdk-7-7u101-2.6.6/build/openjdk/hotspot/src/share/vm/prims/jvm.cpp:1322
Event: 0.097 Thread 0x00007f0d6c00a000 Threw 0x00000007d754bff8 at /build/openjdk-7-9duhBW/openjdk-7-7u101-2.6.6/build/openjdk/hotspot/src/share/vm/prims/jvm.cpp:1322
Event: 0.107 Thread 0x00007f0d6c00a000 Threw 0x00000007d75599b0 at /build/openjdk-7-9duhBW/openjdk-7-7u101-2.6.6/build/openjdk/hotspot/src/share/vm/prims/jvm.cpp:1322
Event: 0.116 Thread 0x00007f0d6c00a000 Threw 0x00000007d75912b8 at /build/openjdk-7-9duhBW/openjdk-7-7u101-2.6.6/build/openjdk/hotspot/src/share/vm/prims/jni.cpp:721
Event: 0.117 Thread 0x00007f0d6c00a000 Threw 0x00000007d75923e0 at /build/openjdk-7-9duhBW/openjdk-7-7u101-2.6.6/build/openjdk/hotspot/src/share/vm/prims/jni.cpp:721
Event: 0.126 Thread 0x00007f0d6c00a000 Threw 0x00000007d7642e38 at /build/openjdk-7-9duhBW/openjdk-7-7u101-2.6.6/build/openjdk/hotspot/src/share/vm/prims/jni.cpp:721
Event: 0.129 Thread 0x00007f0d6c00a000 Threw 0x00000007d7643d40 at /build/openjdk-7-9duhBW/openjdk-7-7u101-2.6.6/build/openjdk/hotspot/src/share/vm/prims/jni.cpp:721

Events (10 events):
Event: 0.143 loading class 0x00007f0d6c139010
Event: 0.143 loading class 0x00007f0d6c139010 done
Event: 0.144 Thread 0x00007f0d6c134800 Thread added: 0x00007f0d6c134800
Event: 0.150 loading class 0x00007f0d706ba810
Event: 0.150 loading class 0x00007f0d706ba810 done
Event: 0.150 loading class 0x00007f0d6c0fec70
Event: 0.150 loading class 0x00007f0d6c0fec70 done
Event: 0.150 Thread 0x00007f0d6c133000 Thread added: 0x00007f0d6c133000
Event: 0.150 Thread 0x00007f0d6c00a000 Thread exited: 0x00007f0d6c00a000
Event: 0.150 Thread 0x00007f0d6c00a000 Thread added: 0x00007f0d6c00a000


Dynamic libraries:
00400000-00401000 r-xp 00000000 08:02 10491431                           /usr/lib/jvm/java-7-openjdk-amd64/jre/bin/java
00600000-00601000 r--p 00000000 08:02 10491431                           /usr/lib/jvm/java-7-openjdk-amd64/jre/bin/java
00601000-00602000 rw-p 00001000 08:02 10491431                           /usr/lib/jvm/java-7-openjdk-amd64/jre/bin/java
0086a000-0088b000 rw-p 00000000 00:00 0                                  [heap]
77ba00000-77cf00000 rw-p 00000000 00:00 0 
77cf00000-786000000 rw-p 00000000 00:00 0 
786000000-78b100000 rw-p 00000000 00:00 0 
78b100000-7d7500000 rw-p 00000000 00:00 0 
7d7500000-7d9e00000 rw-p 00000000 00:00 0 
7d9e00000-800000000 rw-p 00000000 00:00 0 
7f0d20000000-7f0d20021000 rw-p 00000000 00:00 0 
7f0d20021000-7f0d24000000 ---p 00000000 00:00 0 
7f0d24000000-7f0d24021000 rw-p 00000000 00:00 0 
7f0d24021000-7f0d28000000 ---p 00000000 00:00 0 
7f0d28000000-7f0d28021000 rw-p 00000000 00:00 0 
7f0d28021000-7f0d2c000000 ---p 00000000 00:00 0 
7f0d2c000000-7f0d2c021000 rw-p 00000000 00:00 0 
7f0d2c021000-7f0d30000000 ---p 00000000 00:00 0 
7f0d30000000-7f0d30066000 rw-p 00000000 00:00 0 
7f0d30066000-7f0d34000000 ---p 00000000 00:00 0 
7f0d34000000-7f0d34021000 rw-p 00000000 00:00 0 
7f0d34021000-7f0d38000000 ---p 00000000 00:00 0 
7f0d38000000-7f0d38021000 rw-p 00000000 00:00 0 
7f0d38021000-7f0d3c000000 ---p 00000000 00:00 0 
7f0d3c000000-7f0d3c021000 rw-p 00000000 00:00 0 
7f0d3c021000-7f0d40000000 ---p 00000000 00:00 0 
7f0d40000000-7f0d40021000 rw-p 00000000 00:00 0 
7f0d40021000-7f0d44000000 ---p 00000000 00:00 0 
7f0d47dd0000-7f0d4c000000 rw-p 00000000 00:00 0 
7f0d4c000000-7f0d4c021000 rw-p 00000000 00:00 0 
7f0d4c021000-7f0d50000000 ---p 00000000 00:00 0 
7f0d50000000-7f0d50021000 rw-p 00000000 00:00 0 
7f0d50021000-7f0d54000000 ---p 00000000 00:00 0 
7f0d54000000-7f0d54021000 rw-p 00000000 00:00 0 
7f0d54021000-7f0d58000000 ---p 00000000 00:00 0 
7f0d5c000000-7f0d5c021000 rw-p 00000000 00:00 0 
7f0d5c021000-7f0d60000000 ---p 00000000 00:00 0 
7f0d6320b000-7f0d6320e000 ---p 00000000 00:00 0 
7f0d6320e000-7f0d6330c000 rw-p 00000000 00:00 0 
7f0d6330c000-7f0d6330f000 ---p 00000000 00:00 0 
7f0d6330f000-7f0d6340d000 rw-p 00000000 00:00 0 
7f0d6340d000-7f0d63419000 r-xp 00000000 08:02 23333409                   /usr/lib/jvm/java-7-openjdk-amd64/jre/lib/amd64/librxtxSerial.so
7f0d63419000-7f0d63518000 ---p 0000c000 08:02 23333409                   /usr/lib/jvm/java-7-openjdk-amd64/jre/lib/amd64/librxtxSerial.so
7f0d63518000-7f0d6351a000 rw-p 0000b000 08:02 23333409                   /usr/lib/jvm/java-7-openjdk-amd64/jre/lib/amd64/librxtxSerial.so
7f0d6351a000-7f0d6351b000 ---p 00000000 00:00 0 
7f0d6351b000-7f0d6361b000 rw-p 00000000 00:00 0 
7f0d6361b000-7f0d6361e000 ---p 00000000 00:00 0 
7f0d6361e000-7f0d6371c000 rw-p 00000000 00:00 0 
7f0d6371c000-7f0d6371f000 ---p 00000000 00:00 0 
7f0d6371f000-7f0d6381d000 rw-p 00000000 00:00 0 
7f0d6381d000-7f0d63820000 ---p 00000000 00:00 0 
7f0d63820000-7f0d6391e000 rw-p 00000000 00:00 0 
7f0d6391e000-7f0d64000000 r--p 00000000 08:02 10230327                   /usr/lib/locale/locale-archive
7f0d64000000-7f0d64021000 rw-p 00000000 00:00 0 
7f0d64021000-7f0d68000000 ---p 00000000 00:00 0 
7f0d6808e000-7f0d68091000 ---p 00000000 00:00 0 
7f0d68091000-7f0d6818f000 rw-p 00000000 00:00 0 
7f0d6818f000-7f0d68192000 ---p 00000000 00:00 0 
7f0d68192000-7f0d68290000 rw-p 00000000 00:00 0 
7f0d68290000-7f0d68293000 ---p 00000000 00:00 0 
7f0d68293000-7f0d68391000 rw-p 00000000 00:00 0 
7f0d68391000-7f0d68392000 ---p 00000000 00:00 0 
7f0d68392000-7f0d69000000 rw-p 00000000 00:00 0 
7f0d69000000-7f0d69270000 rwxp 00000000 00:00 0 
7f0d69270000-7f0d6c15b000 rw-p 00000000 00:00 0 
7f0d6c15b000-7f0d70000000 ---p 00000000 00:00 0 
7f0d70003000-7f0d70492000 rw-p 00000000 00:00 0 
7f0d70492000-7f0d70644000 r--s 01d32000 08:02 10492481                   /usr/lib/jvm/java-7-openjdk-amd64/jre/lib/rt.jar
7f0d70644000-7f0d70b8a000 rw-p 00000000 00:00 0 
7f0d70b8a000-7f0d70b8b000 ---p 00000000 00:00 0 
7f0d70b8b000-7f0d70c8b000 rw-p 00000000 00:00 0 
7f0d70c8b000-7f0d70c8c000 ---p 00000000 00:00 0 
7f0d70c8c000-7f0d70d8c000 rw-p 00000000 00:00 0 
7f0d70d8c000-7f0d70d8d000 ---p 00000000 00:00 0 
7f0d70d8d000-7f0d70e8d000 rw-p 00000000 00:00 0 
7f0d70e8d000-7f0d70e8e000 ---p 00000000 00:00 0 
7f0d70e8e000-7f0d70f99000 rw-p 00000000 00:00 0 
7f0d70f99000-7f0d70fe1000 rw-p 00000000 00:00 0 
7f0d70fe1000-7f0d7100a000 rw-p 00000000 00:00 0 
7f0d7100a000-7f0d7126c000 rw-p 00000000 00:00 0 
7f0d7126c000-7f0d71277000 rw-p 00000000 00:00 0 
7f0d71277000-7f0d712bf000 rw-p 00000000 00:00 0 
7f0d712bf000-7f0d712e8000 rw-p 00000000 00:00 0 
7f0d712e8000-7f0d71549000 rw-p 00000000 00:00 0 
7f0d71549000-7f0d7155e000 rw-p 00000000 00:00 0 
7f0d7155e000-7f0d7168f000 rw-p 00000000 00:00 0 
7f0d7168f000-7f0d71690000 rw-p 00000000 00:00 0 
7f0d71690000-7f0d71698000 r-xp 00000000 08:02 10492452                   /usr/lib/jvm/java-7-openjdk-amd64/jre/lib/amd64/libzip.so
7f0d71698000-7f0d71897000 ---p 00008000 08:02 10492452                   /usr/lib/jvm/java-7-openjdk-amd64/jre/lib/amd64/libzip.so
7f0d71897000-7f0d71898000 r--p 00007000 08:02 10492452                   /usr/lib/jvm/java-7-openjdk-amd64/jre/lib/amd64/libzip.so
7f0d71898000-7f0d71899000 rw-p 00008000 08:02 10492452                   /usr/lib/jvm/java-7-openjdk-amd64/jre/lib/amd64/libzip.so
7f0d71899000-7f0d718a3000 r-xp 00000000 08:02 7870574                    /lib/x86_64-linux-gnu/libnss_files-2.19.so
7f0d718a3000-7f0d71aa2000 ---p 0000a000 08:02 7870574                    /lib/x86_64-linux-gnu/libnss_files-2.19.so
7f0d71aa2000-7f0d71aa3000 r--p 00009000 08:02 7870574                    /lib/x86_64-linux-gnu/libnss_files-2.19.so
7f0d71aa3000-7f0d71aa4000 rw-p 0000a000 08:02 7870574                    /lib/x86_64-linux-gnu/libnss_files-2.19.so
7f0d71aa4000-7f0d71aaf000 r-xp 00000000 08:02 7870566                    /lib/x86_64-linux-gnu/libnss_nis-2.19.so
7f0d71aaf000-7f0d71cae000 ---p 0000b000 08:02 7870566                    /lib/x86_64-linux-gnu/libnss_nis-2.19.so
7f0d71cae000-7f0d71caf000 r--p 0000a000 08:02 7870566                    /lib/x86_64-linux-gnu/libnss_nis-2.19.so
7f0d71caf000-7f0d71cb0000 rw-p 0000b000 08:02 7870566                    /lib/x86_64-linux-gnu/libnss_nis-2.19.so
7f0d71cb0000-7f0d71cc7000 r-xp 00000000 08:02 7870562                    /lib/x86_64-linux-gnu/libnsl-2.19.so
7f0d71cc7000-7f0d71ec6000 ---p 00017000 08:02 7870562                    /lib/x86_64-linux-gnu/libnsl-2.19.so
7f0d71ec6000-7f0d71ec7000 r--p 00016000 08:02 7870562                    /lib/x86_64-linux-gnu/libnsl-2.19.so
7f0d71ec7000-7f0d71ec8000 rw-p 00017000 08:02 7870562                    /lib/x86_64-linux-gnu/libnsl-2.19.so
7f0d71ec8000-7f0d71eca000 rw-p 00000000 00:00 0 
7f0d71eca000-7f0d71ed3000 r-xp 00000000 08:02 7865816                    /lib/x86_64-linux-gnu/libnss_compat-2.19.so
7f0d71ed3000-7f0d720d2000 ---p 00009000 08:02 7865816                    /lib/x86_64-linux-gnu/libnss_compat-2.19.so
7f0d720d2000-7f0d720d3000 r--p 00008000 08:02 7865816                    /lib/x86_64-linux-gnu/libnss_compat-2.19.so
7f0d720d3000-7f0d720d4000 rw-p 00009000 08:02 7865816                    /lib/x86_64-linux-gnu/libnss_compat-2.19.so
7f0d720d4000-7f0d720ff000 r-xp 00000000 08:02 10492438                   /usr/lib/jvm/java-7-openjdk-amd64/jre/lib/amd64/libjava.so
7f0d720ff000-7f0d722ff000 ---p 0002b000 08:02 10492438                   /usr/lib/jvm/java-7-openjdk-amd64/jre/lib/amd64/libjava.so
7f0d722ff000-7f0d72300000 r--p 0002b000 08:02 10492438                   /usr/lib/jvm/java-7-openjdk-amd64/jre/lib/amd64/libjava.so
7f0d72300000-7f0d72302000 rw-p 0002c000 08:02 10492438                   /usr/lib/jvm/java-7-openjdk-amd64/jre/lib/amd64/libjava.so
7f0d72302000-7f0d72312000 r-xp 00000000 08:02 10492439                   /usr/lib/jvm/java-7-openjdk-amd64/jre/lib/amd64/libverify.so
7f0d72312000-7f0d72511000 ---p 00010000 08:02 10492439                   /usr/lib/jvm/java-7-openjdk-amd64/jre/lib/amd64/libverify.so
7f0d72511000-7f0d72513000 r--p 0000f000 08:02 10492439                   /usr/lib/jvm/java-7-openjdk-amd64/jre/lib/amd64/libverify.so
7f0d72513000-7f0d72514000 rw-p 00011000 08:02 10492439                   /usr/lib/jvm/java-7-openjdk-amd64/jre/lib/amd64/libverify.so
7f0d72514000-7f0d7251b000 r-xp 00000000 08:02 7870570                    /lib/x86_64-linux-gnu/librt-2.19.so
7f0d7251b000-7f0d7271a000 ---p 00007000 08:02 7870570                    /lib/x86_64-linux-gnu/librt-2.19.so
7f0d7271a000-7f0d7271b000 r--p 00006000 08:02 7870570                    /lib/x86_64-linux-gnu/librt-2.19.so
7f0d7271b000-7f0d7271c000 rw-p 00007000 08:02 7870570                    /lib/x86_64-linux-gnu/librt-2.19.so
7f0d7271c000-7f0d72732000 r-xp 00000000 08:02 7864485                    /lib/x86_64-linux-gnu/libgcc_s.so.1
7f0d72732000-7f0d72931000 ---p 00016000 08:02 7864485                    /lib/x86_64-linux-gnu/libgcc_s.so.1
7f0d72931000-7f0d72932000 rw-p 00015000 08:02 7864485                    /lib/x86_64-linux-gnu/libgcc_s.so.1
7f0d72932000-7f0d72a37000 r-xp 00000000 08:02 7864425                    /lib/x86_64-linux-gnu/libm-2.19.so
7f0d72a37000-7f0d72c36000 ---p 00105000 08:02 7864425                    /lib/x86_64-linux-gnu/libm-2.19.so
7f0d72c36000-7f0d72c37000 r--p 00104000 08:02 7864425                    /lib/x86_64-linux-gnu/libm-2.19.so
7f0d72c37000-7f0d72c38000 rw-p 00105000 08:02 7864425                    /lib/x86_64-linux-gnu/libm-2.19.so
7f0d72c38000-7f0d72d1e000 r-xp 00000000 08:02 10224960                   /usr/lib/x86_64-linux-gnu/libstdc++.so.6.0.19
7f0d72d1e000-7f0d72f1d000 ---p 000e6000 08:02 10224960                   /usr/lib/x86_64-linux-gnu/libstdc++.so.6.0.19
7f0d72f1d000-7f0d72f25000 r--p 000e5000 08:02 10224960                   /usr/lib/x86_64-linux-gnu/libstdc++.so.6.0.19
7f0d72f25000-7f0d72f27000 rw-p 000ed000 08:02 10224960                   /usr/lib/x86_64-linux-gnu/libstdc++.so.6.0.19
7f0d72f27000-7f0d72f3c000 rw-p 00000000 00:00 0 
7f0d72f3c000-7f0d73a61000 r-xp 00000000 08:02 10492450                   /usr/lib/jvm/java-7-openjdk-amd64/jre/lib/amd64/server/libjvm.so
7f0d73a61000-7f0d73c61000 ---p 00b25000 08:02 10492450                   /usr/lib/jvm/java-7-openjdk-amd64/jre/lib/amd64/server/libjvm.so
7f0d73c61000-7f0d73cfb000 r--p 00b25000 08:02 10492450                   /usr/lib/jvm/java-7-openjdk-amd64/jre/lib/amd64/server/libjvm.so
7f0d73cfb000-7f0d73d1e000 rw-p 00bbf000 08:02 10492450                   /usr/lib/jvm/java-7-openjdk-amd64/jre/lib/amd64/server/libjvm.so
7f0d73d1e000-7f0d73d4d000 rw-p 00000000 00:00 0 
7f0d73d4d000-7f0d73d65000 r-xp 00000000 08:02 7868667                    /lib/x86_64-linux-gnu/libz.so.1.2.8
7f0d73d65000-7f0d73f64000 ---p 00018000 08:02 7868667                    /lib/x86_64-linux-gnu/libz.so.1.2.8
7f0d73f64000-7f0d73f65000 r--p 00017000 08:02 7868667                    /lib/x86_64-linux-gnu/libz.so.1.2.8
7f0d73f65000-7f0d73f66000 rw-p 00018000 08:02 7868667                    /lib/x86_64-linux-gnu/libz.so.1.2.8
7f0d73f66000-7f0d73f7f000 r-xp 00000000 08:02 7870563                    /lib/x86_64-linux-gnu/libpthread-2.19.so
7f0d73f7f000-7f0d7417e000 ---p 00019000 08:02 7870563                    /lib/x86_64-linux-gnu/libpthread-2.19.so
7f0d7417e000-7f0d7417f000 r--p 00018000 08:02 7870563                    /lib/x86_64-linux-gnu/libpthread-2.19.so
7f0d7417f000-7f0d74180000 rw-p 00019000 08:02 7870563                    /lib/x86_64-linux-gnu/libpthread-2.19.so
7f0d74180000-7f0d74184000 rw-p 00000000 00:00 0 
7f0d74184000-7f0d74187000 r-xp 00000000 08:02 7865508                    /lib/x86_64-linux-gnu/libdl-2.19.so
7f0d74187000-7f0d74386000 ---p 00003000 08:02 7865508                    /lib/x86_64-linux-gnu/libdl-2.19.so
7f0d74386000-7f0d74387000 r--p 00002000 08:02 7865508                    /lib/x86_64-linux-gnu/libdl-2.19.so
7f0d74387000-7f0d74388000 rw-p 00003000 08:02 7865508                    /lib/x86_64-linux-gnu/libdl-2.19.so
7f0d74388000-7f0d74542000 r-xp 00000000 08:02 7870571                    /lib/x86_64-linux-gnu/libc-2.19.so
7f0d74542000-7f0d74742000 ---p 001ba000 08:02 7870571                    /lib/x86_64-linux-gnu/libc-2.19.so
7f0d74742000-7f0d74746000 r--p 001ba000 08:02 7870571                    /lib/x86_64-linux-gnu/libc-2.19.so
7f0d74746000-7f0d74748000 rw-p 001be000 08:02 7870571                    /lib/x86_64-linux-gnu/libc-2.19.so
7f0d74748000-7f0d7474d000 rw-p 00000000 00:00 0 
7f0d7474d000-7f0d7475a000 r-xp 00000000 08:02 10492465                   /usr/lib/jvm/java-7-openjdk-amd64/jre/lib/amd64/jli/libjli.so
7f0d7475a000-7f0d74959000 ---p 0000d000 08:02 10492465                   /usr/lib/jvm/java-7-openjdk-amd64/jre/lib/amd64/jli/libjli.so
7f0d74959000-7f0d7495a000 r--p 0000c000 08:02 10492465                   /usr/lib/jvm/java-7-openjdk-amd64/jre/lib/amd64/jli/libjli.so
7f0d7495a000-7f0d7495b000 rw-p 0000d000 08:02 10492465                   /usr/lib/jvm/java-7-openjdk-amd64/jre/lib/amd64/jli/libjli.so
7f0d7495b000-7f0d7497e000 r-xp 00000000 08:02 7870564                    /lib/x86_64-linux-gnu/ld-2.19.so
7f0d74993000-7f0d74994000 r--p 00000000 08:02 11930930                   /usr/share/locale-langpack/en_GB/LC_MESSAGES/libc.mo
7f0d74994000-7f0d7499e000 rw-p 00000000 00:00 0 
7f0d7499e000-7f0d74a54000 rw-p 00000000 00:00 0 
7f0d74a54000-7f0d74a57000 ---p 00000000 00:00 0 
7f0d74a57000-7f0d74b5b000 rw-p 00000000 00:00 0 
7f0d74b5b000-7f0d74b5d000 r--s 0000d000 08:02 18484774                   /usr/lib/jvm/java-7-openjdk-amd64/jre/lib/ext/RXTXcomm.jar
7f0d74b5d000-7f0d74b5f000 r--s 00012000 08:02 10492492                   /usr/lib/jvm/java-7-openjdk-amd64/jre/lib/ext/zipfs.jar
7f0d74b5f000-7f0d74b62000 r--s 0000f000 08:02 10492494                   /usr/lib/jvm/java-7-openjdk-amd64/jre/lib/ext/icedtea-sound.jar
7f0d74b62000-7f0d74b66000 r--s 00085000 08:02 10492495                   /usr/lib/jvm/java-7-openjdk-amd64/jre/lib/ext/localedata.jar
7f0d74b66000-7f0d74b6a000 r--s 00034000 08:02 10492493                   /usr/lib/jvm/java-7-openjdk-amd64/jre/lib/ext/sunjce_provider.jar
7f0d74b6a000-7f0d74b6b000 r--s 00002000 08:02 10492491                   /usr/lib/jvm/java-7-openjdk-amd64/jre/lib/ext/dnsns.jar
7f0d74b6b000-7f0d74b6d000 r--s 00006000 08:02 10624559                   /usr/share/java/java-atk-wrapper.jar
7f0d74b6d000-7f0d74b71000 r--s 0003c000 08:02 10492496                   /usr/lib/jvm/java-7-openjdk-amd64/jre/lib/ext/sunpkcs11.jar
7f0d74b71000-7f0d74b79000 rw-s 00000000 08:02 5375015                    /tmp/hsperfdata_midries/6947
7f0d74b79000-7f0d74b7a000 rw-p 00000000 00:00 0 
7f0d74b7a000-7f0d74b7b000 r--p 00000000 00:00 0 
7f0d74b7b000-7f0d74b7d000 rw-p 00000000 00:00 0 
7f0d74b7d000-7f0d74b7e000 r--p 00022000 08:02 7870564                    /lib/x86_64-linux-gnu/ld-2.19.so
7f0d74b7e000-7f0d74b7f000 rw-p 00023000 08:02 7870564                    /lib/x86_64-linux-gnu/ld-2.19.so
7f0d74b7f000-7f0d74b80000 rw-p 00000000 00:00 0 
7ffd22c2d000-7ffd22c4e000 rw-p 00000000 00:00 0                          [stack]
7ffd22cac000-7ffd22cae000 r--p 00000000 00:00 0                          [vvar]
7ffd22cae000-7ffd22cb0000 r-xp 00000000 00:00 0                          [vdso]
ffffffffff600000-ffffffffff601000 r-xp 00000000 00:00 0                  [vsyscall]

VM Arguments:
jvm_args: -Dfile.encoding=UTF-8 
java_command: SerialTest
Launcher Type: SUN_STANDARD

Environment Variables:
PATH=/home/midries/CodeSourcery/Sourcery_G++_Lite/bin:/usr/local/sbin:/usr/local/bin:/usr/sbin:/usr/bin:/sbin:/bin:/usr/games:/usr/local/games
SHELL=/bin/bash
DISPLAY=:0

Signal Handlers:
SIGSEGV: [libjvm.so+0x9561e0], sa_mask[0]=0x7ffbfeff, sa_flags=0x10000004
SIGBUS: [libjvm.so+0x9561e0], sa_mask[0]=0x7ffbfeff, sa_flags=0x10000004
SIGFPE: [libjvm.so+0x7cc4d0], sa_mask[0]=0x7ffbfeff, sa_flags=0x10000004
SIGPIPE: [libjvm.so+0x7cc4d0], sa_mask[0]=0x7ffbfeff, sa_flags=0x10000004
SIGXFSZ: [libjvm.so+0x7cc4d0], sa_mask[0]=0x7ffbfeff, sa_flags=0x10000004
SIGILL: [libjvm.so+0x7cc4d0], sa_mask[0]=0x7ffbfeff, sa_flags=0x10000004
SIGUSR1: SIG_DFL, sa_mask[0]=0x00000000, sa_flags=0x00000000
SIGUSR2: [libjvm.so+0x7cc370], sa_mask[0]=0x00000004, sa_flags=0x10000004
SIGHUP: [libjvm.so+0x7cc550], sa_mask[0]=0x7ffbfeff, sa_flags=0x10000004
SIGINT: [libjvm.so+0x7cc550], sa_mask[0]=0x7ffbfeff, sa_flags=0x10000004
SIGTERM: [libjvm.so+0x7cc550], sa_mask[0]=0x7ffbfeff, sa_flags=0x10000004
SIGQUIT: [libjvm.so+0x7cc550], sa_mask[0]=0x7ffbfeff, sa_flags=0x10000004
SIGTRAP: SIG_DFL, sa_mask[0]=0x00000000, sa_flags=0x00000000


---------------  S Y S T E M  ---------------

OS:Ubuntu 14.04 (trusty)
uname:Linux 3.19.0-61-generic #69~14.04.1-Ubuntu SMP Thu Jun 9 09:09:13 UTC 2016 x86_64
libc:glibc 2.19 NPTL 2.19 
rlimit: STACK 8192k, CORE 0k, NPROC 30866, NOFILE 4096, AS infinity
load average:2.43 1.39 1.13

/proc/meminfo:
MemTotal:        7991056 kB
MemFree:          314040 kB
MemAvailable:    1234448 kB
Buffers:           69948 kB
Cached:          2047208 kB
SwapCached:        16032 kB
Active:          5562540 kB
Inactive:        1722484 kB
Active(anon):    5054300 kB
Inactive(anon):  1220988 kB
Active(file):     508240 kB
Inactive(file):   501496 kB
Unevictable:         316 kB
Mlocked:             316 kB
SwapTotal:       8203260 kB
SwapFree:        7591792 kB
Dirty:              4456 kB
Writeback:             0 kB
AnonPages:       5158616 kB
Mapped:           895716 kB
Shmem:           1107420 kB
Slab:             213172 kB
SReclaimable:     159232 kB
SUnreclaim:        53940 kB
KernelStack:       15200 kB
PageTables:        78984 kB
NFS_Unstable:          0 kB
Bounce:                0 kB
WritebackTmp:          0 kB
CommitLimit:    12198788 kB
Committed_AS:   16631372 kB
VmallocTotal:   34359738367 kB
VmallocUsed:      365236 kB
VmallocChunk:   34359284772 kB
HardwareCorrupted:     0 kB
AnonHugePages:   1255424 kB
CmaTotal:              0 kB
CmaFree:               0 kB
HugePages_Total:       0
HugePages_Free:        0
HugePages_Rsvd:        0
HugePages_Surp:        0
Hugepagesize:       2048 kB
DirectMap4k:      284708 kB
DirectMap2M:     7919616 kB


CPU:total 4 (2 cores per cpu, 2 threads per core) family 6 model 58 stepping 9, cmov, cx8, fxsr, mmx, sse, sse2, sse3, ssse3, sse4.1, sse4.2, popcnt, avx, aes, erms, ht, tsc, tscinvbit, tscinv

/proc/cpuinfo:
processor	: 0
vendor_id	: GenuineIntel
cpu family	: 6
model		: 58
model name	: Intel(R) Core(TM) i5-3230M CPU @ 2.60GHz
stepping	: 9
microcode	: 0x17
cpu MHz		: 1396.992
cache size	: 3072 KB
physical id	: 0
siblings	: 4
core id		: 0
cpu cores	: 2
apicid		: 0
initial apicid	: 0
fpu		: yes
fpu_exception	: yes
cpuid level	: 13
wp		: yes
flags		: fpu vme de pse tsc msr pae mce cx8 apic sep mtrr pge mca cmov pat pse36 clflush dts acpi mmx fxsr sse sse2 ss ht tm pbe syscall nx rdtscp lm constant_tsc arch_perfmon pebs bts rep_good nopl xtopology nonstop_tsc aperfmperf eagerfpu pni pclmulqdq dtes64 monitor ds_cpl vmx est tm2 ssse3 cx16 xtpr pdcm pcid sse4_1 sse4_2 x2apic popcnt tsc_deadline_timer aes xsave avx f16c rdrand lahf_lm ida arat epb pln pts dtherm tpr_shadow vnmi flexpriority ept vpid fsgsbase smep erms xsaveopt
bugs		:
bogomips	: 5188.36
clflush size	: 64
cache_alignment	: 64
address sizes	: 36 bits physical, 48 bits virtual
power management:

processor	: 1
vendor_id	: GenuineIntel
cpu family	: 6
model		: 58
model name	: Intel(R) Core(TM) i5-3230M CPU @ 2.60GHz
stepping	: 9
microcode	: 0x17
cpu MHz		: 1395.468
cache size	: 3072 KB
physical id	: 0
siblings	: 4
core id		: 0
cpu cores	: 2
apicid		: 1
initial apicid	: 1
fpu		: yes
fpu_exception	: yes
cpuid level	: 13
wp		: yes
flags		: fpu vme de pse tsc msr pae mce cx8 apic sep mtrr pge mca cmov pat pse36 clflush dts acpi mmx fxsr sse sse2 ss ht tm pbe syscall nx rdtscp lm constant_tsc arch_perfmon pebs bts rep_good nopl xtopology nonstop_tsc aperfmperf eagerfpu pni pclmulqdq dtes64 monitor ds_cpl vmx est tm2 ssse3 cx16 xtpr pdcm pcid sse4_1 sse4_2 x2apic popcnt tsc_deadline_timer aes xsave avx f16c rdrand lahf_lm ida arat epb pln pts dtherm tpr_shadow vnmi flexpriority ept vpid fsgsbase smep erms xsaveopt
bugs		:
bogomips	: 5188.36
clflush size	: 64
cache_alignment	: 64
address sizes	: 36 bits physical, 48 bits virtual
power management:

processor	: 2
vendor_id	: GenuineIntel
cpu family	: 6
model		: 58
model name	: Intel(R) Core(TM) i5-3230M CPU @ 2.60GHz
stepping	: 9
microcode	: 0x17
cpu MHz		: 1485.554
cache size	: 3072 KB
physical id	: 0
siblings	: 4
core id		: 1
cpu cores	: 2
apicid		: 2
initial apicid	: 2
fpu		: yes
fpu_exception	: yes
cpuid level	: 13
wp		: yes
flags		: fpu vme de pse tsc msr pae mce cx8 apic sep mtrr pge mca cmov pat pse36 clflush dts acpi mmx fxsr sse sse2 ss ht tm pbe syscall nx rdtscp lm constant_tsc arch_perfmon pebs bts rep_good nopl xtopology nonstop_tsc aperfmperf eagerfpu pni pclmulqdq dtes64 monitor ds_cpl vmx est tm2 ssse3 cx16 xtpr pdcm pcid sse4_1 sse4_2 x2apic popcnt tsc_deadline_timer aes xsave avx f16c rdrand lahf_lm ida arat epb pln pts dtherm tpr_shadow vnmi flexpriority ept vpid fsgsbase smep erms xsaveopt
bugs		:
bogomips	: 5188.36
clflush size	: 64
cache_alignment	: 64
address sizes	: 36 bits physical, 48 bits virtual
power management:

processor	: 3
vendor_id	: GenuineIntel
cpu family	: 6
model		: 58
model name	: Intel(R) Core(TM) i5-3230M CPU @ 2.60GHz
stepping	: 9
microcode	: 0x17
cpu MHz		: 1440.460
cache size	: 3072 KB
physical id	: 0
siblings	: 4
core id		: 1
cpu cores	: 2
apicid		: 3
initial apicid	: 3
fpu		: yes
fpu_exception	: yes
cpuid level	: 13
wp		: yes
flags		: fpu vme de pse tsc msr pae mce cx8 apic sep mtrr pge mca cmov pat pse36 clflush dts acpi mmx fxsr sse sse2 ss ht tm pbe syscall nx rdtscp lm constant_tsc arch_perfmon pebs bts rep_good nopl xtopology nonstop_tsc aperfmperf eagerfpu pni pclmulqdq dtes64 monitor ds_cpl vmx est tm2 ssse3 cx16 xtpr pdcm pcid sse4_1 sse4_2 x2apic popcnt tsc_deadline_timer aes xsave avx f16c rdrand lahf_lm ida arat epb pln pts dtherm tpr_shadow vnmi flexpriority ept vpid fsgsbase smep erms xsaveopt
bugs		:
bogomips	: 5188.36
clflush size	: 64
cache_alignment	: 64
address sizes	: 36 bits physical, 48 bits virtual
power management:



Memory: 4k page, physical 7991056k(314632k free), swap 8203260k(7591792k free)

vm_info: OpenJDK 64-Bit Server VM (24.95-b01) for linux-amd64 JRE (1.7.0_101-b00), built on Apr 24 2016 20:39:29 by "buildd" with gcc 4.8.2

time: Thu Jun 30 13:19:53 2016
elapsed time: 0 seconds

