#
# A fatal error has been detected by the Java Runtime Environment:
#
#  SIGSEGV (0xb) at pc=0x00007f5dd64c2462, pid=6920, tid=140041003972352
#
# JRE version: OpenJDK Runtime Environment (7.0_101) (build 1.7.0_101-b00)
# Java VM: OpenJDK 64-Bit Server VM (24.95-b01 mixed mode linux-amd64 compressed oops)
# Derivative: IcedTea 2.6.6
# Distribution: Ubuntu 14.04 LTS, package 7u101-2.6.6-0ubuntu0.14.04.1
# Problematic frame:
# C  [librxtxSerial.so+0x6462]  read_byte_array+0x52
#
# Failed to write core dump. Core dumps have been disabled. To enable core dumping, try "ulimit -c unlimited" before starting Java again
#
# If you would like to submit a bug report, please include
# instructions on how to reproduce the bug and visit:
#   http://icedtea.classpath.org/bugzilla
# The crash happened outside the Java Virtual Machine in native code.
# See problematic frame for where to report the bug.
#

---------------  T H R E A D  ---------------

Current thread (0x00007f5dec135000):  JavaThread "Thread-0" [_thread_in_native, id=6939, stack(0x00007f5dd63bb000,0x00007f5dd64bc000)]

siginfo:si_signo=SIGSEGV: si_errno=0, si_code=1 (SEGV_MAPERR), si_addr=0xffffffffd64ba7b8

Registers:
RAX=0xffffffffd64ba7b0, RBX=0xffffffffffffffff, RCX=0x0000000000000001, RDX=0x00007f5df2f97f60
RSP=0x00007f5dd64b9b90, RBP=0x00007f5dec1351d8, RSI=0x00007f5dd64c5e30, RDI=0x00007f5dd64c5d3e
R8 =0x000000077bce82d0, R9 =0x00000007d75c4f90, R10=0x0000000000000000, R11=0x00007f5df2f9c9a4
R12=0x00000000ffffffff, R13=0x0000000000000000, R14=0x000000000000000c, R15=0x0000000000000000
RIP=0x00007f5dd64c2462, EFLAGS=0x0000000000010206, CSGSFS=0x0000000000000033, ERR=0x0000000000000005
  TRAPNO=0x000000000000000e

Top of Stack: (sp=0x00007f5dd64b9b90)
0x00007f5dd64b9b90:   00007f5dd64bced0 00007f5dec113db0
0x00007f5dd64b9ba0:   0000000000000000 000000077bcf2e28
0x00007f5dd64b9bb0:   00007f5df0050ee0 ffffffffd64ba7b0
0x00007f5dd64b9bc0:   00007f5dd64b9c00 0000000000000000
0x00007f5dd64b9bd0:   0000000000000000 0000000100000000
0x00007f5dd64b9be0:   00007f5db0001140 0000000c00002000
0x00007f5dd64b9bf0:   0000000000000000 00007f5dd65c8830
0x00007f5dd64b9c00:   0000000000000000 0000000000000001
0x00007f5dd64b9c10:   000000000000000c 0000000000000000
0x00007f5dd64b9c20:   00007f5dec1351d8 00007f5df3bd5527
0x00007f5dd64b9c30:   0000000000000005 0000000000000000
0x00007f5dd64b9c40:   00007f5dec135000 00007f5dd64bced0
0x00007f5dd64b9c50:   ffffffffffffffff 00007f5dec1351d8
0x00007f5dd64b9c60:   00007f5db0001140 00007f5df3bdc4d5
0x00007f5dd64b9c70:   00007f5db0001140 00007f5db0001140
0x00007f5dd64b9c80:   000000000000000c ffffffffffffffff
0x00007f5dd64b9c90:   00007f5dec1351d8 00007f5db0001140
0x00007f5dd64b9ca0:   0000000000000001 000000000000000c
0x00007f5dd64b9cb0:   0000000000000000 00007f5dd64c28a1
0x00007f5dd64b9cc0:   00007f5dec135000 00007f5dd64b9da8
0x00007f5dd64b9cd0:   00007f5dd64b9db0 000000077bceb328
0x00007f5dd64b9ce0:   00007f5dd64b9d78 0000000000000000
0x00007f5dd64b9cf0:   000000077bceb320 00007f5dd64b9db0
0x00007f5dd64b9d00:   00007f5dec135000 00007f5de9014e98
0x00007f5dd64b9d10:   00007f5db4008fb8 00007f5db4008fc8
0x00007f5dd64b9d20:   00007f5db4008fd0 00007f5db4008fd0
0x00007f5dd64b9d30:   00007f5dfffffffe 00007f5dd64b9d38
0x00007f5dd64b9d40:   000000077bceb320 00007f5dd64b9db0
0x00007f5dd64b9d50:   000000077bd06d78 0000000000000000
0x00007f5dd64b9d60:   000000077bceb328 0000000000000000
0x00007f5dd64b9d70:   00007f5dd64b9d98 00007f5dd64b9e08
0x00007f5dd64b9d80:   00007f5de90062ec 0000000000000000 

Instructions: (pc=0x00007f5dd64c2462)
0x00007f5dd64c2442:   89 44 24 4c 48 c7 44 24 40 00 00 00 00 48 c7 44
0x00007f5dd64c2452:   24 38 00 00 00 00 e8 53 d7 ff ff 48 89 44 24 28
0x00007f5dd64c2462:   8b 40 08 45 85 e4 48 8b 54 24 28 44 8b 7c 24 4c
0x00007f5dd64c2472:   89 44 24 34 c7 42 08 00 00 00 00 78 0c 31 c0 e8 

Register to memory mapping:

RAX=0xffffffffd64ba7b0 is an unknown value
RBX=0xffffffffffffffff is an unknown value
RCX=0x0000000000000001 is an unknown value
RDX=0x00007f5df2f97f60: <offset 0xdf0f60> in /usr/lib/jvm/java-7-openjdk-amd64/jre/lib/amd64/server/libjvm.so at 0x00007f5df21a7000
RSP=0x00007f5dd64b9b90 is pointing into the stack for thread: 0x00007f5dec135000
RBP=0x00007f5dec1351d8 is an unknown value
RSI=0x00007f5dd64c5e30: <offset 0x9e30> in /usr/lib/jvm/java-7-openjdk-amd64/jre/lib/amd64/librxtxSerial.so at 0x00007f5dd64bc000
RDI=0x00007f5dd64c5d3e: <offset 0x9d3e> in /usr/lib/jvm/java-7-openjdk-amd64/jre/lib/amd64/librxtxSerial.so at 0x00007f5dd64bc000
R8 =0x000000077bce82d0 is an oop
[S 
 - klass: {type array short}
 - length: 174
R9 =0x00000007d75c4f90 is an oop
gnu.io.RXTXPort 
 - klass: 'gnu/io/RXTXPort'
R10=0x0000000000000000 is an unknown value
R11=0x00007f5df2f9c9a4: <offset 0xdf59a4> in /usr/lib/jvm/java-7-openjdk-amd64/jre/lib/amd64/server/libjvm.so at 0x00007f5df21a7000
R12=0x00000000ffffffff is an unknown value
R13=0x0000000000000000 is an unknown value
R14=0x000000000000000c is an unknown value
R15=0x0000000000000000 is an unknown value


Stack: [0x00007f5dd63bb000,0x00007f5dd64bc000],  sp=0x00007f5dd64b9b90,  free space=1018k
Native frames: (J=compiled Java code, j=interpreted, Vv=VM code, C=native code)
C  [librxtxSerial.so+0x6462]  read_byte_array+0x52

Java frames: (J=compiled Java code, j=interpreted, Vv=VM code)
j  gnu.io.RXTXPort.readArray([BII)I+0
j  gnu.io.RXTXPort$SerialInputStream.read([BII)I+187
j  sun.nio.cs.StreamDecoder.readBytes()I+135
j  sun.nio.cs.StreamDecoder.implRead([CII)I+112
j  sun.nio.cs.StreamDecoder.read([CII)I+180
j  java.io.InputStreamReader.read([CII)I+7
j  java.io.BufferedReader.fill()V+145
j  java.io.BufferedReader.readLine(Z)Ljava/lang/String;+44
j  java.io.BufferedReader.readLine()Ljava/lang/String;+2
j  SerialTest.serialEvent(Lgnu/io/SerialPortEvent;)V+12
j  gnu.io.RXTXPort.sendEvent(IZ)Z+382
v  ~StubRoutines::call_stub
j  gnu.io.RXTXPort.eventLoop()V+0
j  gnu.io.RXTXPort$MonitorThread.run()V+12
v  ~StubRoutines::call_stub

---------------  P R O C E S S  ---------------

Java Threads: ( => current thread )
  0x00007f5dec00a000 JavaThread "DestroyJavaVM" [_thread_blocked, id=6922, stack(0x00007f5df3cbf000,0x00007f5df3dc0000)]
  0x00007f5dec135800 JavaThread "Thread-1" [_thread_blocked, id=6940, stack(0x00007f5dd62ba000,0x00007f5dd63bb000)]
=>0x00007f5dec135000 JavaThread "Thread-0" [_thread_in_native, id=6939, stack(0x00007f5dd63bb000,0x00007f5dd64bc000)]
  0x00007f5dec0b0800 JavaThread "Service Thread" daemon [_thread_blocked, id=6937, stack(0x00007f5dd66ca000,0x00007f5dd67cb000)]
  0x00007f5dec0ae000 JavaThread "C2 CompilerThread1" daemon [_thread_blocked, id=6936, stack(0x00007f5dd67cb000,0x00007f5dd68cc000)]
  0x00007f5dec0ab800 JavaThread "C2 CompilerThread0" daemon [_thread_blocked, id=6935, stack(0x00007f5dd68cc000,0x00007f5dd69cd000)]
  0x00007f5dec0a9000 JavaThread "Signal Dispatcher" daemon [_thread_blocked, id=6934, stack(0x00007f5dd69cd000,0x00007f5dd6ace000)]
  0x00007f5dec07c000 JavaThread "Finalizer" daemon [_thread_blocked, id=6933, stack(0x00007f5dd71b0000,0x00007f5dd72b1000)]
  0x00007f5dec07a000 JavaThread "Reference Handler" daemon [_thread_blocked, id=6932, stack(0x00007f5dd72b1000,0x00007f5dd73b2000)]

Other Threads:
  0x00007f5dec075800 VMThread [stack: 0x00007f5dd73b2000,0x00007f5dd74b3000] [id=6931]
  0x00007f5dec0bb000 WatcherThread [stack: 0x00007f5dd65c9000,0x00007f5dd66ca000] [id=6938]

VM state:not at safepoint (normal execution)

VM Mutex/Monitor currently owned by a thread: None

Heap
 PSYoungGen      total 36864K, used 2539K [0x00000007d7500000, 0x00000007d9e00000, 0x0000000800000000)
  eden space 31744K, 8% used [0x00000007d7500000,0x00000007d777aef0,0x00000007d9400000)
  from space 5120K, 0% used [0x00000007d9900000,0x00000007d9900000,0x00000007d9e00000)
  to   space 5120K, 0% used [0x00000007d9400000,0x00000007d9400000,0x00000007d9900000)
 ParOldGen       total 82944K, used 0K [0x0000000786000000, 0x000000078b100000, 0x00000007d7500000)
  object space 82944K, 0% used [0x0000000786000000,0x0000000786000000,0x000000078b100000)
 PSPermGen       total 21504K, used 3173K [0x000000077ba00000, 0x000000077cf00000, 0x0000000786000000)
  object space 21504K, 14% used [0x000000077ba00000,0x000000077bd19560,0x000000077cf00000)

Card table byte_map: [0x00007f5df04d7000,0x00007f5df08fb000] byte_map_base: 0x00007f5dec8fa000

Polling page: 0x00007f5df3de5000

Code Cache  [0x00007f5de9000000, 0x00007f5de9270000, 0x00007f5dec000000)
 total_blobs=185 nmethods=2 adapters=137 free_code_cache=48766Kb largest_free_block=49915328

Compilation events (4 events):
Event: 0.219 Thread 0x00007f5dec0ab800    1             java.lang.String::indexOf (70 bytes)
Event: 0.223 Thread 0x00007f5dec0ae000    2             sun.nio.cs.UTF_8$Encoder::encode (361 bytes)
Event: 0.226 Thread 0x00007f5dec0ab800 nmethod 1 0x00007f5de9060c10 code [0x00007f5de9060d60, 0x00007f5de9060f18]
Event: 0.227 Thread 0x00007f5dec0ae000 nmethod 2 0x00007f5de9060750 code [0x00007f5de90608a0, 0x00007f5de9060ad8]

GC Heap History (0 events):
No events

Deoptimization events (0 events):
No events

Internal exceptions (10 events):
Event: 0.081 Thread 0x00007f5dec00a000 Threw 0x00000007d750f270 at /build/openjdk-7-9duhBW/openjdk-7-7u101-2.6.6/build/openjdk/hotspot/src/share/vm/prims/jni.cpp:4051
Event: 0.180 Thread 0x00007f5dec00a000 Threw 0x00000007d754a898 at /build/openjdk-7-9duhBW/openjdk-7-7u101-2.6.6/build/openjdk/hotspot/src/share/vm/prims/jni.cpp:721
Event: 0.180 Thread 0x00007f5dec00a000 Threw 0x00000007d754aa18 at /build/openjdk-7-9duhBW/openjdk-7-7u101-2.6.6/build/openjdk/hotspot/src/share/vm/prims/jvm.cpp:1322
Event: 0.180 Thread 0x00007f5dec00a000 Threw 0x00000007d754ab40 at /build/openjdk-7-9duhBW/openjdk-7-7u101-2.6.6/build/openjdk/hotspot/src/share/vm/prims/jvm.cpp:1322
Event: 0.181 Thread 0x00007f5dec00a000 Threw 0x00000007d754c120 at /build/openjdk-7-9duhBW/openjdk-7-7u101-2.6.6/build/openjdk/hotspot/src/share/vm/prims/jvm.cpp:1322
Event: 0.192 Thread 0x00007f5dec00a000 Threw 0x00000007d7559ad8 at /build/openjdk-7-9duhBW/openjdk-7-7u101-2.6.6/build/openjdk/hotspot/src/share/vm/prims/jvm.cpp:1322
Event: 0.206 Thread 0x00007f5dec00a000 Threw 0x00000007d75913e0 at /build/openjdk-7-9duhBW/openjdk-7-7u101-2.6.6/build/openjdk/hotspot/src/share/vm/prims/jni.cpp:721
Event: 0.207 Thread 0x00007f5dec00a000 Threw 0x00000007d7592508 at /build/openjdk-7-9duhBW/openjdk-7-7u101-2.6.6/build/openjdk/hotspot/src/share/vm/prims/jni.cpp:721
Event: 0.210 Thread 0x00007f5dec00a000 Threw 0x00000007d75a4338 at /build/openjdk-7-9duhBW/openjdk-7-7u101-2.6.6/build/openjdk/hotspot/src/share/vm/prims/jni.cpp:721
Event: 0.212 Thread 0x00007f5dec00a000 Threw 0x00000007d75a5240 at /build/openjdk-7-9duhBW/openjdk-7-7u101-2.6.6/build/openjdk/hotspot/src/share/vm/prims/jni.cpp:721

Events (10 events):
Event: 0.253 loading class 0x00007f5dec13b040
Event: 0.253 loading class 0x00007f5dec13b040 done
Event: 0.254 Thread 0x00007f5dec135000 Thread added: 0x00007f5dec135000
Event: 0.259 loading class 0x00007f5df004b810
Event: 0.259 loading class 0x00007f5df004b810 done
Event: 0.259 loading class 0x00007f5dec100ca0
Event: 0.260 loading class 0x00007f5dec100ca0 done
Event: 0.260 Thread 0x00007f5dec135800 Thread added: 0x00007f5dec135800
Event: 0.260 Thread 0x00007f5dec00a000 Thread exited: 0x00007f5dec00a000
Event: 0.260 Thread 0x00007f5dec00a000 Thread added: 0x00007f5dec00a000


Dynamic libraries:
00400000-00401000 r-xp 00000000 08:02 10491431                           /usr/lib/jvm/java-7-openjdk-amd64/jre/bin/java
00600000-00601000 r--p 00000000 08:02 10491431                           /usr/lib/jvm/java-7-openjdk-amd64/jre/bin/java
00601000-00602000 rw-p 00001000 08:02 10491431                           /usr/lib/jvm/java-7-openjdk-amd64/jre/bin/java
006da000-006fb000 rw-p 00000000 00:00 0                                  [heap]
77ba00000-77cf00000 rw-p 00000000 00:00 0 
77cf00000-786000000 rw-p 00000000 00:00 0 
786000000-78b100000 rw-p 00000000 00:00 0 
78b100000-7d7500000 rw-p 00000000 00:00 0 
7d7500000-7d9e00000 rw-p 00000000 00:00 0 
7d9e00000-800000000 rw-p 00000000 00:00 0 
7f5da4000000-7f5da4021000 rw-p 00000000 00:00 0 
7f5da4021000-7f5da8000000 ---p 00000000 00:00 0 
7f5dac000000-7f5dac021000 rw-p 00000000 00:00 0 
7f5dac021000-7f5db0000000 ---p 00000000 00:00 0 
7f5db0000000-7f5db0021000 rw-p 00000000 00:00 0 
7f5db0021000-7f5db4000000 ---p 00000000 00:00 0 
7f5db4000000-7f5db405e000 rw-p 00000000 00:00 0 
7f5db405e000-7f5db8000000 ---p 00000000 00:00 0 
7f5db8000000-7f5db8021000 rw-p 00000000 00:00 0 
7f5db8021000-7f5dbc000000 ---p 00000000 00:00 0 
7f5dbc000000-7f5dbc021000 rw-p 00000000 00:00 0 
7f5dbc021000-7f5dc0000000 ---p 00000000 00:00 0 
7f5dc0000000-7f5dc008e000 rw-p 00000000 00:00 0 
7f5dc008e000-7f5dc4000000 ---p 00000000 00:00 0 
7f5dc4000000-7f5dc4021000 rw-p 00000000 00:00 0 
7f5dc4021000-7f5dc8000000 ---p 00000000 00:00 0 
7f5dc8000000-7f5dc8021000 rw-p 00000000 00:00 0 
7f5dc8021000-7f5dcc000000 ---p 00000000 00:00 0 
7f5dcc000000-7f5dcc021000 rw-p 00000000 00:00 0 
7f5dcc021000-7f5dd0000000 ---p 00000000 00:00 0 
7f5dd0000000-7f5dd0021000 rw-p 00000000 00:00 0 
7f5dd0021000-7f5dd4000000 ---p 00000000 00:00 0 
7f5dd62ba000-7f5dd62bd000 ---p 00000000 00:00 0 
7f5dd62bd000-7f5dd63bb000 rw-p 00000000 00:00 0 
7f5dd63bb000-7f5dd63be000 ---p 00000000 00:00 0 
7f5dd63be000-7f5dd64bc000 rw-p 00000000 00:00 0 
7f5dd64bc000-7f5dd64c8000 r-xp 00000000 08:02 23333409                   /usr/lib/jvm/java-7-openjdk-amd64/jre/lib/amd64/librxtxSerial.so
7f5dd64c8000-7f5dd65c7000 ---p 0000c000 08:02 23333409                   /usr/lib/jvm/java-7-openjdk-amd64/jre/lib/amd64/librxtxSerial.so
7f5dd65c7000-7f5dd65c9000 rw-p 0000b000 08:02 23333409                   /usr/lib/jvm/java-7-openjdk-amd64/jre/lib/amd64/librxtxSerial.so
7f5dd65c9000-7f5dd65ca000 ---p 00000000 00:00 0 
7f5dd65ca000-7f5dd66ca000 rw-p 00000000 00:00 0 
7f5dd66ca000-7f5dd66cd000 ---p 00000000 00:00 0 
7f5dd66cd000-7f5dd67cb000 rw-p 00000000 00:00 0 
7f5dd67cb000-7f5dd67ce000 ---p 00000000 00:00 0 
7f5dd67ce000-7f5dd68cc000 rw-p 00000000 00:00 0 
7f5dd68cc000-7f5dd68cf000 ---p 00000000 00:00 0 
7f5dd68cf000-7f5dd69cd000 rw-p 00000000 00:00 0 
7f5dd69cd000-7f5dd69d0000 ---p 00000000 00:00 0 
7f5dd69d0000-7f5dd6ace000 rw-p 00000000 00:00 0 
7f5dd6ace000-7f5dd71b0000 r--p 00000000 08:02 10230327                   /usr/lib/locale/locale-archive
7f5dd71b0000-7f5dd71b3000 ---p 00000000 00:00 0 
7f5dd71b3000-7f5dd72b1000 rw-p 00000000 00:00 0 
7f5dd72b1000-7f5dd72b4000 ---p 00000000 00:00 0 
7f5dd72b4000-7f5dd73b2000 rw-p 00000000 00:00 0 
7f5dd73b2000-7f5dd73b3000 ---p 00000000 00:00 0 
7f5dd73b3000-7f5dd8000000 rw-p 00000000 00:00 0 
7f5dd8000000-7f5dd8021000 rw-p 00000000 00:00 0 
7f5dd8021000-7f5ddc000000 ---p 00000000 00:00 0 
7f5ddc000000-7f5ddc021000 rw-p 00000000 00:00 0 
7f5ddc021000-7f5de0000000 ---p 00000000 00:00 0 
7f5de0000000-7f5de0021000 rw-p 00000000 00:00 0 
7f5de0021000-7f5de4000000 ---p 00000000 00:00 0 
7f5de401b000-7f5de4482000 rw-p 00000000 00:00 0 
7f5de4482000-7f5de4634000 r--s 01d32000 08:02 10492481                   /usr/lib/jvm/java-7-openjdk-amd64/jre/lib/rt.jar
7f5de4634000-7f5de8cfd000 rw-p 00000000 00:00 0 
7f5de8cfd000-7f5de8cfe000 ---p 00000000 00:00 0 
7f5de8cfe000-7f5de8dfe000 rw-p 00000000 00:00 0 
7f5de8dfe000-7f5de8dff000 ---p 00000000 00:00 0 
7f5de8dff000-7f5de8eff000 rw-p 00000000 00:00 0 
7f5de8eff000-7f5de8f00000 ---p 00000000 00:00 0 
7f5de8f00000-7f5de9000000 rw-p 00000000 00:00 0 
7f5de9000000-7f5de9270000 rwxp 00000000 00:00 0 
7f5de9270000-7f5dec14d000 rw-p 00000000 00:00 0 
7f5dec14d000-7f5df0000000 ---p 00000000 00:00 0 
7f5df0002000-7f5df00f8000 rw-p 00000000 00:00 0 
7f5df00f8000-7f5df00f9000 ---p 00000000 00:00 0 
7f5df00f9000-7f5df0204000 rw-p 00000000 00:00 0 
7f5df0204000-7f5df024c000 rw-p 00000000 00:00 0 
7f5df024c000-7f5df0275000 rw-p 00000000 00:00 0 
7f5df0275000-7f5df04d7000 rw-p 00000000 00:00 0 
7f5df04d7000-7f5df04e2000 rw-p 00000000 00:00 0 
7f5df04e2000-7f5df052a000 rw-p 00000000 00:00 0 
7f5df052a000-7f5df0553000 rw-p 00000000 00:00 0 
7f5df0553000-7f5df07b4000 rw-p 00000000 00:00 0 
7f5df07b4000-7f5df07c9000 rw-p 00000000 00:00 0 
7f5df07c9000-7f5df08fa000 rw-p 00000000 00:00 0 
7f5df08fa000-7f5df08fb000 rw-p 00000000 00:00 0 
7f5df08fb000-7f5df0903000 r-xp 00000000 08:02 10492452                   /usr/lib/jvm/java-7-openjdk-amd64/jre/lib/amd64/libzip.so
7f5df0903000-7f5df0b02000 ---p 00008000 08:02 10492452                   /usr/lib/jvm/java-7-openjdk-amd64/jre/lib/amd64/libzip.so
7f5df0b02000-7f5df0b03000 r--p 00007000 08:02 10492452                   /usr/lib/jvm/java-7-openjdk-amd64/jre/lib/amd64/libzip.so
7f5df0b03000-7f5df0b04000 rw-p 00008000 08:02 10492452                   /usr/lib/jvm/java-7-openjdk-amd64/jre/lib/amd64/libzip.so
7f5df0b04000-7f5df0b0e000 r-xp 00000000 08:02 7870574                    /lib/x86_64-linux-gnu/libnss_files-2.19.so
7f5df0b0e000-7f5df0d0d000 ---p 0000a000 08:02 7870574                    /lib/x86_64-linux-gnu/libnss_files-2.19.so
7f5df0d0d000-7f5df0d0e000 r--p 00009000 08:02 7870574                    /lib/x86_64-linux-gnu/libnss_files-2.19.so
7f5df0d0e000-7f5df0d0f000 rw-p 0000a000 08:02 7870574                    /lib/x86_64-linux-gnu/libnss_files-2.19.so
7f5df0d0f000-7f5df0d1a000 r-xp 00000000 08:02 7870566                    /lib/x86_64-linux-gnu/libnss_nis-2.19.so
7f5df0d1a000-7f5df0f19000 ---p 0000b000 08:02 7870566                    /lib/x86_64-linux-gnu/libnss_nis-2.19.so
7f5df0f19000-7f5df0f1a000 r--p 0000a000 08:02 7870566                    /lib/x86_64-linux-gnu/libnss_nis-2.19.so
7f5df0f1a000-7f5df0f1b000 rw-p 0000b000 08:02 7870566                    /lib/x86_64-linux-gnu/libnss_nis-2.19.so
7f5df0f1b000-7f5df0f32000 r-xp 00000000 08:02 7870562                    /lib/x86_64-linux-gnu/libnsl-2.19.so
7f5df0f32000-7f5df1131000 ---p 00017000 08:02 7870562                    /lib/x86_64-linux-gnu/libnsl-2.19.so
7f5df1131000-7f5df1132000 r--p 00016000 08:02 7870562                    /lib/x86_64-linux-gnu/libnsl-2.19.so
7f5df1132000-7f5df1133000 rw-p 00017000 08:02 7870562                    /lib/x86_64-linux-gnu/libnsl-2.19.so
7f5df1133000-7f5df1135000 rw-p 00000000 00:00 0 
7f5df1135000-7f5df113e000 r-xp 00000000 08:02 7865816                    /lib/x86_64-linux-gnu/libnss_compat-2.19.so
7f5df113e000-7f5df133d000 ---p 00009000 08:02 7865816                    /lib/x86_64-linux-gnu/libnss_compat-2.19.so
7f5df133d000-7f5df133e000 r--p 00008000 08:02 7865816                    /lib/x86_64-linux-gnu/libnss_compat-2.19.so
7f5df133e000-7f5df133f000 rw-p 00009000 08:02 7865816                    /lib/x86_64-linux-gnu/libnss_compat-2.19.so
7f5df133f000-7f5df136a000 r-xp 00000000 08:02 10492438                   /usr/lib/jvm/java-7-openjdk-amd64/jre/lib/amd64/libjava.so
7f5df136a000-7f5df156a000 ---p 0002b000 08:02 10492438                   /usr/lib/jvm/java-7-openjdk-amd64/jre/lib/amd64/libjava.so
7f5df156a000-7f5df156b000 r--p 0002b000 08:02 10492438                   /usr/lib/jvm/java-7-openjdk-amd64/jre/lib/amd64/libjava.so
7f5df156b000-7f5df156d000 rw-p 0002c000 08:02 10492438                   /usr/lib/jvm/java-7-openjdk-amd64/jre/lib/amd64/libjava.so
7f5df156d000-7f5df157d000 r-xp 00000000 08:02 10492439                   /usr/lib/jvm/java-7-openjdk-amd64/jre/lib/amd64/libverify.so
7f5df157d000-7f5df177c000 ---p 00010000 08:02 10492439                   /usr/lib/jvm/java-7-openjdk-amd64/jre/lib/amd64/libverify.so
7f5df177c000-7f5df177e000 r--p 0000f000 08:02 10492439                   /usr/lib/jvm/java-7-openjdk-amd64/jre/lib/amd64/libverify.so
7f5df177e000-7f5df177f000 rw-p 00011000 08:02 10492439                   /usr/lib/jvm/java-7-openjdk-amd64/jre/lib/amd64/libverify.so
7f5df177f000-7f5df1786000 r-xp 00000000 08:02 7870570                    /lib/x86_64-linux-gnu/librt-2.19.so
7f5df1786000-7f5df1985000 ---p 00007000 08:02 7870570                    /lib/x86_64-linux-gnu/librt-2.19.so
7f5df1985000-7f5df1986000 r--p 00006000 08:02 7870570                    /lib/x86_64-linux-gnu/librt-2.19.so
7f5df1986000-7f5df1987000 rw-p 00007000 08:02 7870570                    /lib/x86_64-linux-gnu/librt-2.19.so
7f5df1987000-7f5df199d000 r-xp 00000000 08:02 7864485                    /lib/x86_64-linux-gnu/libgcc_s.so.1
7f5df199d000-7f5df1b9c000 ---p 00016000 08:02 7864485                    /lib/x86_64-linux-gnu/libgcc_s.so.1
7f5df1b9c000-7f5df1b9d000 rw-p 00015000 08:02 7864485                    /lib/x86_64-linux-gnu/libgcc_s.so.1
7f5df1b9d000-7f5df1ca2000 r-xp 00000000 08:02 7864425                    /lib/x86_64-linux-gnu/libm-2.19.so
7f5df1ca2000-7f5df1ea1000 ---p 00105000 08:02 7864425                    /lib/x86_64-linux-gnu/libm-2.19.so
7f5df1ea1000-7f5df1ea2000 r--p 00104000 08:02 7864425                    /lib/x86_64-linux-gnu/libm-2.19.so
7f5df1ea2000-7f5df1ea3000 rw-p 00105000 08:02 7864425                    /lib/x86_64-linux-gnu/libm-2.19.so
7f5df1ea3000-7f5df1f89000 r-xp 00000000 08:02 10224960                   /usr/lib/x86_64-linux-gnu/libstdc++.so.6.0.19
7f5df1f89000-7f5df2188000 ---p 000e6000 08:02 10224960                   /usr/lib/x86_64-linux-gnu/libstdc++.so.6.0.19
7f5df2188000-7f5df2190000 r--p 000e5000 08:02 10224960                   /usr/lib/x86_64-linux-gnu/libstdc++.so.6.0.19
7f5df2190000-7f5df2192000 rw-p 000ed000 08:02 10224960                   /usr/lib/x86_64-linux-gnu/libstdc++.so.6.0.19
7f5df2192000-7f5df21a7000 rw-p 00000000 00:00 0 
7f5df21a7000-7f5df2ccc000 r-xp 00000000 08:02 10492450                   /usr/lib/jvm/java-7-openjdk-amd64/jre/lib/amd64/server/libjvm.so
7f5df2ccc000-7f5df2ecc000 ---p 00b25000 08:02 10492450                   /usr/lib/jvm/java-7-openjdk-amd64/jre/lib/amd64/server/libjvm.so
7f5df2ecc000-7f5df2f66000 r--p 00b25000 08:02 10492450                   /usr/lib/jvm/java-7-openjdk-amd64/jre/lib/amd64/server/libjvm.so
7f5df2f66000-7f5df2f89000 rw-p 00bbf000 08:02 10492450                   /usr/lib/jvm/java-7-openjdk-amd64/jre/lib/amd64/server/libjvm.so
7f5df2f89000-7f5df2fb8000 rw-p 00000000 00:00 0 
7f5df2fb8000-7f5df2fd0000 r-xp 00000000 08:02 7868667                    /lib/x86_64-linux-gnu/libz.so.1.2.8
7f5df2fd0000-7f5df31cf000 ---p 00018000 08:02 7868667                    /lib/x86_64-linux-gnu/libz.so.1.2.8
7f5df31cf000-7f5df31d0000 r--p 00017000 08:02 7868667                    /lib/x86_64-linux-gnu/libz.so.1.2.8
7f5df31d0000-7f5df31d1000 rw-p 00018000 08:02 7868667                    /lib/x86_64-linux-gnu/libz.so.1.2.8
7f5df31d1000-7f5df31ea000 r-xp 00000000 08:02 7870563                    /lib/x86_64-linux-gnu/libpthread-2.19.so
7f5df31ea000-7f5df33e9000 ---p 00019000 08:02 7870563                    /lib/x86_64-linux-gnu/libpthread-2.19.so
7f5df33e9000-7f5df33ea000 r--p 00018000 08:02 7870563                    /lib/x86_64-linux-gnu/libpthread-2.19.so
7f5df33ea000-7f5df33eb000 rw-p 00019000 08:02 7870563                    /lib/x86_64-linux-gnu/libpthread-2.19.so
7f5df33eb000-7f5df33ef000 rw-p 00000000 00:00 0 
7f5df33ef000-7f5df33f2000 r-xp 00000000 08:02 7865508                    /lib/x86_64-linux-gnu/libdl-2.19.so
7f5df33f2000-7f5df35f1000 ---p 00003000 08:02 7865508                    /lib/x86_64-linux-gnu/libdl-2.19.so
7f5df35f1000-7f5df35f2000 r--p 00002000 08:02 7865508                    /lib/x86_64-linux-gnu/libdl-2.19.so
7f5df35f2000-7f5df35f3000 rw-p 00003000 08:02 7865508                    /lib/x86_64-linux-gnu/libdl-2.19.so
7f5df35f3000-7f5df37ad000 r-xp 00000000 08:02 7870571                    /lib/x86_64-linux-gnu/libc-2.19.so
7f5df37ad000-7f5df39ad000 ---p 001ba000 08:02 7870571                    /lib/x86_64-linux-gnu/libc-2.19.so
7f5df39ad000-7f5df39b1000 r--p 001ba000 08:02 7870571                    /lib/x86_64-linux-gnu/libc-2.19.so
7f5df39b1000-7f5df39b3000 rw-p 001be000 08:02 7870571                    /lib/x86_64-linux-gnu/libc-2.19.so
7f5df39b3000-7f5df39b8000 rw-p 00000000 00:00 0 
7f5df39b8000-7f5df39c5000 r-xp 00000000 08:02 10492465                   /usr/lib/jvm/java-7-openjdk-amd64/jre/lib/amd64/jli/libjli.so
7f5df39c5000-7f5df3bc4000 ---p 0000d000 08:02 10492465                   /usr/lib/jvm/java-7-openjdk-amd64/jre/lib/amd64/jli/libjli.so
7f5df3bc4000-7f5df3bc5000 r--p 0000c000 08:02 10492465                   /usr/lib/jvm/java-7-openjdk-amd64/jre/lib/amd64/jli/libjli.so
7f5df3bc5000-7f5df3bc6000 rw-p 0000d000 08:02 10492465                   /usr/lib/jvm/java-7-openjdk-amd64/jre/lib/amd64/jli/libjli.so
7f5df3bc6000-7f5df3be9000 r-xp 00000000 08:02 7870564                    /lib/x86_64-linux-gnu/ld-2.19.so
7f5df3bfe000-7f5df3bff000 r--p 00000000 08:02 11930930                   /usr/share/locale-langpack/en_GB/LC_MESSAGES/libc.mo
7f5df3bff000-7f5df3c09000 rw-p 00000000 00:00 0 
7f5df3c09000-7f5df3cbf000 rw-p 00000000 00:00 0 
7f5df3cbf000-7f5df3cc2000 ---p 00000000 00:00 0 
7f5df3cc2000-7f5df3dc6000 rw-p 00000000 00:00 0 
7f5df3dc6000-7f5df3dc8000 r--s 0000d000 08:02 18484774                   /usr/lib/jvm/java-7-openjdk-amd64/jre/lib/ext/RXTXcomm.jar
7f5df3dc8000-7f5df3dca000 r--s 00012000 08:02 10492492                   /usr/lib/jvm/java-7-openjdk-amd64/jre/lib/ext/zipfs.jar
7f5df3dca000-7f5df3dcd000 r--s 0000f000 08:02 10492494                   /usr/lib/jvm/java-7-openjdk-amd64/jre/lib/ext/icedtea-sound.jar
7f5df3dcd000-7f5df3dd1000 r--s 00085000 08:02 10492495                   /usr/lib/jvm/java-7-openjdk-amd64/jre/lib/ext/localedata.jar
7f5df3dd1000-7f5df3dd5000 r--s 00034000 08:02 10492493                   /usr/lib/jvm/java-7-openjdk-amd64/jre/lib/ext/sunjce_provider.jar
7f5df3dd5000-7f5df3dd6000 r--s 00002000 08:02 10492491                   /usr/lib/jvm/java-7-openjdk-amd64/jre/lib/ext/dnsns.jar
7f5df3dd6000-7f5df3dd8000 r--s 00006000 08:02 10624559                   /usr/share/java/java-atk-wrapper.jar
7f5df3dd8000-7f5df3ddc000 r--s 0003c000 08:02 10492496                   /usr/lib/jvm/java-7-openjdk-amd64/jre/lib/ext/sunpkcs11.jar
7f5df3ddc000-7f5df3de4000 rw-s 00000000 08:02 5375015                    /tmp/hsperfdata_midries/6920
7f5df3de4000-7f5df3de5000 rw-p 00000000 00:00 0 
7f5df3de5000-7f5df3de6000 r--p 00000000 00:00 0 
7f5df3de6000-7f5df3de8000 rw-p 00000000 00:00 0 
7f5df3de8000-7f5df3de9000 r--p 00022000 08:02 7870564                    /lib/x86_64-linux-gnu/ld-2.19.so
7f5df3de9000-7f5df3dea000 rw-p 00023000 08:02 7870564                    /lib/x86_64-linux-gnu/ld-2.19.so
7f5df3dea000-7f5df3deb000 rw-p 00000000 00:00 0 
7ffd8177a000-7ffd8179b000 rw-p 00000000 00:00 0                          [stack]
7ffd817de000-7ffd817e0000 r--p 00000000 00:00 0                          [vvar]
7ffd817e0000-7ffd817e2000 r-xp 00000000 00:00 0                          [vdso]
ffffffffff600000-ffffffffff601000 r-xp 00000000 00:00 0                  [vsyscall]

VM Arguments:
jvm_args: -Dfile.encoding=UTF-8 
java_command: SerialTest
Launcher Type: SUN_STANDARD

Environment Variables:
PATH=/home/midries/CodeSourcery/Sourcery_G++_Lite/bin:/usr/local/sbin:/usr/local/bin:/usr/sbin:/usr/bin:/sbin:/bin:/usr/games:/usr/local/games
SHELL=/bin/bash
DISPLAY=:0

Signal Handlers:
SIGSEGV: [libjvm.so+0x9561e0], sa_mask[0]=0x7ffbfeff, sa_flags=0x10000004
SIGBUS: [libjvm.so+0x9561e0], sa_mask[0]=0x7ffbfeff, sa_flags=0x10000004
SIGFPE: [libjvm.so+0x7cc4d0], sa_mask[0]=0x7ffbfeff, sa_flags=0x10000004
SIGPIPE: [libjvm.so+0x7cc4d0], sa_mask[0]=0x7ffbfeff, sa_flags=0x10000004
SIGXFSZ: [libjvm.so+0x7cc4d0], sa_mask[0]=0x7ffbfeff, sa_flags=0x10000004
SIGILL: [libjvm.so+0x7cc4d0], sa_mask[0]=0x7ffbfeff, sa_flags=0x10000004
SIGUSR1: SIG_DFL, sa_mask[0]=0x00000000, sa_flags=0x00000000
SIGUSR2: [libjvm.so+0x7cc370], sa_mask[0]=0x00000004, sa_flags=0x10000004
SIGHUP: [libjvm.so+0x7cc550], sa_mask[0]=0x7ffbfeff, sa_flags=0x10000004
SIGINT: [libjvm.so+0x7cc550], sa_mask[0]=0x7ffbfeff, sa_flags=0x10000004
SIGTERM: [libjvm.so+0x7cc550], sa_mask[0]=0x7ffbfeff, sa_flags=0x10000004
SIGQUIT: [libjvm.so+0x7cc550], sa_mask[0]=0x7ffbfeff, sa_flags=0x10000004
SIGTRAP: SIG_DFL, sa_mask[0]=0x00000000, sa_flags=0x00000000


---------------  S Y S T E M  ---------------

OS:Ubuntu 14.04 (trusty)
uname:Linux 3.19.0-61-generic #69~14.04.1-Ubuntu SMP Thu Jun 9 09:09:13 UTC 2016 x86_64
libc:glibc 2.19 NPTL 2.19 
rlimit: STACK 8192k, CORE 0k, NPROC 30866, NOFILE 4096, AS infinity
load average:1.21 1.12 1.03

/proc/meminfo:
MemTotal:        7991056 kB
MemFree:          325468 kB
MemAvailable:    1245044 kB
Buffers:           69928 kB
Cached:          2046208 kB
SwapCached:        16032 kB
Active:          5550184 kB
Inactive:        1724352 kB
Active(anon):    5044832 kB
Inactive(anon):  1220800 kB
Active(file):     505352 kB
Inactive(file):   503552 kB
Unevictable:         316 kB
Mlocked:             316 kB
SwapTotal:       8203260 kB
SwapFree:        7591792 kB
Dirty:              4836 kB
Writeback:             0 kB
AnonPages:       5149176 kB
Mapped:           895808 kB
Shmem:           1107232 kB
Slab:             213172 kB
SReclaimable:     159232 kB
SUnreclaim:        53940 kB
KernelStack:       15200 kB
PageTables:        78964 kB
NFS_Unstable:          0 kB
Bounce:                0 kB
WritebackTmp:          0 kB
CommitLimit:    12198788 kB
Committed_AS:   16636828 kB
VmallocTotal:   34359738367 kB
VmallocUsed:      365236 kB
VmallocChunk:   34359284772 kB
HardwareCorrupted:     0 kB
AnonHugePages:   1255424 kB
CmaTotal:              0 kB
CmaFree:               0 kB
HugePages_Total:       0
HugePages_Free:        0
HugePages_Rsvd:        0
HugePages_Surp:        0
Hugepagesize:       2048 kB
DirectMap4k:      284708 kB
DirectMap2M:     7919616 kB


CPU:total 4 (2 cores per cpu, 2 threads per core) family 6 model 58 stepping 9, cmov, cx8, fxsr, mmx, sse, sse2, sse3, ssse3, sse4.1, sse4.2, popcnt, avx, aes, erms, ht, tsc, tscinvbit, tscinv

/proc/cpuinfo:
processor	: 0
vendor_id	: GenuineIntel
cpu family	: 6
model		: 58
model name	: Intel(R) Core(TM) i5-3230M CPU @ 2.60GHz
stepping	: 9
microcode	: 0x17
cpu MHz		: 1395.265
cache size	: 3072 KB
physical id	: 0
siblings	: 4
core id		: 0
cpu cores	: 2
apicid		: 0
initial apicid	: 0
fpu		: yes
fpu_exception	: yes
cpuid level	: 13
wp		: yes
flags		: fpu vme de pse tsc msr pae mce cx8 apic sep mtrr pge mca cmov pat pse36 clflush dts acpi mmx fxsr sse sse2 ss ht tm pbe syscall nx rdtscp lm constant_tsc arch_perfmon pebs bts rep_good nopl xtopology nonstop_tsc aperfmperf eagerfpu pni pclmulqdq dtes64 monitor ds_cpl vmx est tm2 ssse3 cx16 xtpr pdcm pcid sse4_1 sse4_2 x2apic popcnt tsc_deadline_timer aes xsave avx f16c rdrand lahf_lm ida arat epb pln pts dtherm tpr_shadow vnmi flexpriority ept vpid fsgsbase smep erms xsaveopt
bugs		:
bogomips	: 5188.36
clflush size	: 64
cache_alignment	: 64
address sizes	: 36 bits physical, 48 bits virtual
power management:

processor	: 1
vendor_id	: GenuineIntel
cpu family	: 6
model		: 58
model name	: Intel(R) Core(TM) i5-3230M CPU @ 2.60GHz
stepping	: 9
microcode	: 0x17
cpu MHz		: 1398.312
cache size	: 3072 KB
physical id	: 0
siblings	: 4
core id		: 0
cpu cores	: 2
apicid		: 1
initial apicid	: 1
fpu		: yes
fpu_exception	: yes
cpuid level	: 13
wp		: yes
flags		: fpu vme de pse tsc msr pae mce cx8 apic sep mtrr pge mca cmov pat pse36 clflush dts acpi mmx fxsr sse sse2 ss ht tm pbe syscall nx rdtscp lm constant_tsc arch_perfmon pebs bts rep_good nopl xtopology nonstop_tsc aperfmperf eagerfpu pni pclmulqdq dtes64 monitor ds_cpl vmx est tm2 ssse3 cx16 xtpr pdcm pcid sse4_1 sse4_2 x2apic popcnt tsc_deadline_timer aes xsave avx f16c rdrand lahf_lm ida arat epb pln pts dtherm tpr_shadow vnmi flexpriority ept vpid fsgsbase smep erms xsaveopt
bugs		:
bogomips	: 5188.36
clflush size	: 64
cache_alignment	: 64
address sizes	: 36 bits physical, 48 bits virtual
power management:

processor	: 2
vendor_id	: GenuineIntel
cpu family	: 6
model		: 58
model name	: Intel(R) Core(TM) i5-3230M CPU @ 2.60GHz
stepping	: 9
microcode	: 0x17
cpu MHz		: 1403.085
cache size	: 3072 KB
physical id	: 0
siblings	: 4
core id		: 1
cpu cores	: 2
apicid		: 2
initial apicid	: 2
fpu		: yes
fpu_exception	: yes
cpuid level	: 13
wp		: yes
flags		: fpu vme de pse tsc msr pae mce cx8 apic sep mtrr pge mca cmov pat pse36 clflush dts acpi mmx fxsr sse sse2 ss ht tm pbe syscall nx rdtscp lm constant_tsc arch_perfmon pebs bts rep_good nopl xtopology nonstop_tsc aperfmperf eagerfpu pni pclmulqdq dtes64 monitor ds_cpl vmx est tm2 ssse3 cx16 xtpr pdcm pcid sse4_1 sse4_2 x2apic popcnt tsc_deadline_timer aes xsave avx f16c rdrand lahf_lm ida arat epb pln pts dtherm tpr_shadow vnmi flexpriority ept vpid fsgsbase smep erms xsaveopt
bugs		:
bogomips	: 5188.36
clflush size	: 64
cache_alignment	: 64
address sizes	: 36 bits physical, 48 bits virtual
power management:

processor	: 3
vendor_id	: GenuineIntel
cpu family	: 6
model		: 58
model name	: Intel(R) Core(TM) i5-3230M CPU @ 2.60GHz
stepping	: 9
microcode	: 0x17
cpu MHz		: 1947.460
cache size	: 3072 KB
physical id	: 0
siblings	: 4
core id		: 1
cpu cores	: 2
apicid		: 3
initial apicid	: 3
fpu		: yes
fpu_exception	: yes
cpuid level	: 13
wp		: yes
flags		: fpu vme de pse tsc msr pae mce cx8 apic sep mtrr pge mca cmov pat pse36 clflush dts acpi mmx fxsr sse sse2 ss ht tm pbe syscall nx rdtscp lm constant_tsc arch_perfmon pebs bts rep_good nopl xtopology nonstop_tsc aperfmperf eagerfpu pni pclmulqdq dtes64 monitor ds_cpl vmx est tm2 ssse3 cx16 xtpr pdcm pcid sse4_1 sse4_2 x2apic popcnt tsc_deadline_timer aes xsave avx f16c rdrand lahf_lm ida arat epb pln pts dtherm tpr_shadow vnmi flexpriority ept vpid fsgsbase smep erms xsaveopt
bugs		:
bogomips	: 5188.36
clflush size	: 64
cache_alignment	: 64
address sizes	: 36 bits physical, 48 bits virtual
power management:



Memory: 4k page, physical 7991056k(325468k free), swap 8203260k(7591792k free)

vm_info: OpenJDK 64-Bit Server VM (24.95-b01) for linux-amd64 JRE (1.7.0_101-b00), built on Apr 24 2016 20:39:29 by "buildd" with gcc 4.8.2

time: Thu Jun 30 13:19:44 2016
elapsed time: 1 seconds

